2024-01-05T06:22:31+00:00 CRITICAL Uncaught TypeError: in_array(): Argument #2 ($haystack) must be of type array, string given in C:\xampp\htdocs\MyProject\wp-content\themes\wplms-child\classes\CertificateController.php:58
Stack trace:
#0 C:\xampp\htdocs\MyProject\wp-content\themes\wplms-child\classes\CertificateController.php(58): in_array('76', '76')
#1 C:\xampp\htdocs\MyProject\wp-content\themes\wplms-child\classes\CertificateController.php(24): CertificateController->UpdateMeta()
#2 C:\xampp\htdocs\MyProject\wp-content\themes\wplms-child\pdf-generator.php(18): CertificateController->UpdateUserCertificate('76')
#3 C:\xampp\htdocs\MyProject\wp-includes\template-loader.php(106): include('C:\\xampp\\htdocs...')
#4 C:\xampp\htdocs\MyProject\wp-blog-header.php(19): require_once('C:\\xampp\\htdocs...')
#5 C:\xampp\htdocs\MyProject\index.php(17): require('C:\\xampp\\htdocs...')
#6 {main}
  thrown in C:\xampp\htdocs\MyProject\wp-content\themes\wplms-child\classes\CertificateController.php on line 58

2024-01-05T07:42:53+00:00 CRITICAL Uncaught TypeError: in_array(): Argument #2 ($haystack) must be of type array, string given in C:\xampp\htdocs\MyProject\wp-content\themes\wplms-child\classes\CertificateController.php:58
Stack trace:
#0 C:\xampp\htdocs\MyProject\wp-content\themes\wplms-child\classes\CertificateController.php(58): in_array('76', '76')
#1 C:\xampp\htdocs\MyProject\wp-content\themes\wplms-child\classes\CertificateController.php(24): CertificateController->UpdateMeta()
#2 C:\xampp\htdocs\MyProject\wp-content\themes\wplms-child\pdf-generator.php(18): CertificateController->UpdateUserCertificate('76')
#3 C:\xampp\htdocs\MyProject\wp-includes\template-loader.php(106): include('C:\\xampp\\htdocs...')
#4 C:\xampp\htdocs\MyProject\wp-blog-header.php(19): require_once('C:\\xampp\\htdocs...')
#5 C:\xampp\htdocs\MyProject\index.php(17): require('C:\\xampp\\htdocs...')
#6 {main}
  thrown in C:\xampp\htdocs\MyProject\wp-content\themes\wplms-child\classes\CertificateController.php on line 58

2024-01-05T07:43:10+00:00 CRITICAL Uncaught TypeError: in_array(): Argument #2 ($haystack) must be of type array, string given in C:\xampp\htdocs\MyProject\wp-content\themes\wplms-child\classes\CertificateController.php:58
Stack trace:
#0 C:\xampp\htdocs\MyProject\wp-content\themes\wplms-child\classes\CertificateController.php(58): in_array('76', '76')
#1 C:\xampp\htdocs\MyProject\wp-content\themes\wplms-child\classes\CertificateController.php(24): CertificateController->UpdateMeta()
#2 C:\xampp\htdocs\MyProject\wp-content\themes\wplms-child\pdf-generator.php(18): CertificateController->UpdateUserCertificate('76')
#3 C:\xampp\htdocs\MyProject\wp-includes\template-loader.php(106): include('C:\\xampp\\htdocs...')
#4 C:\xampp\htdocs\MyProject\wp-blog-header.php(19): require_once('C:\\xampp\\htdocs...')
#5 C:\xampp\htdocs\MyProject\index.php(17): require('C:\\xampp\\htdocs...')
#6 {main}
  thrown in C:\xampp\htdocs\MyProject\wp-content\themes\wplms-child\classes\CertificateController.php on line 58

2024-01-05T07:43:53+00:00 CRITICAL Uncaught TypeError: in_array(): Argument #2 ($haystack) must be of type array, string given in C:\xampp\htdocs\MyProject\wp-content\themes\wplms-child\classes\CertificateController.php:58
Stack trace:
#0 C:\xampp\htdocs\MyProject\wp-content\themes\wplms-child\classes\CertificateController.php(58): in_array('77', '76')
#1 C:\xampp\htdocs\MyProject\wp-content\themes\wplms-child\classes\CertificateController.php(24): CertificateController->UpdateMeta()
#2 C:\xampp\htdocs\MyProject\wp-content\themes\wplms-child\pdf-generator.php(18): CertificateController->UpdateUserCertificate('77')
#3 C:\xampp\htdocs\MyProject\wp-includes\template-loader.php(106): include('C:\\xampp\\htdocs...')
#4 C:\xampp\htdocs\MyProject\wp-blog-header.php(19): require_once('C:\\xampp\\htdocs...')
#5 C:\xampp\htdocs\MyProject\index.php(17): require('C:\\xampp\\htdocs...')
#6 {main}
  thrown in C:\xampp\htdocs\MyProject\wp-content\themes\wplms-child\classes\CertificateController.php on line 58

