2024-01-09T06:06:07+00:00 CRITICAL syntax error, unexpected token ";" in C:\xampp\htdocs\MyProject\wp-content\themes\wplms-child\pdf-generator.php on line 14

2024-01-09T06:06:43+00:00 CRITICAL Uncaught Error: Failed opening required 'C:\xampp\htdocs\MyProject/wp-content/themes/wplms-child/includes/library/vendor/autoload.php' (include_path='C:\xampp\php\PEAR') in C:\xampp\htdocs\MyProject\wp-content\themes\wplms-child\classes\CertificateController.php:87
Stack trace:
#0 C:\xampp\htdocs\MyProject\wp-content\themes\wplms-child\classes\CertificateController.php(25): CertificateController->GeneratePdf()
#1 C:\xampp\htdocs\MyProject\wp-content\themes\wplms-child\pdf-generator.php(18): CertificateController->UpdateUserCertificate('71')
#2 C:\xampp\htdocs\MyProject\wp-includes\template-loader.php(106): include('C:\\xampp\\htdocs...')
#3 C:\xampp\htdocs\MyProject\wp-blog-header.php(19): require_once('C:\\xampp\\htdocs...')
#4 C:\xampp\htdocs\MyProject\index.php(17): require('C:\\xampp\\htdocs...')
#5 {main}
  thrown in C:\xampp\htdocs\MyProject\wp-content\themes\wplms-child\classes\CertificateController.php on line 87

2024-01-09T06:07:10+00:00 CRITICAL Uncaught Error: Failed opening required 'C:\xampp\htdocs\MyProject/wp-content/themes/wplms-child/includes/library/vendor/autoload.php' (include_path='C:\xampp\php\PEAR') in C:\xampp\htdocs\MyProject\wp-content\themes\wplms-child\classes\CertificateController.php:87
Stack trace:
#0 C:\xampp\htdocs\MyProject\wp-content\themes\wplms-child\classes\CertificateController.php(25): CertificateController->GeneratePdf()
#1 C:\xampp\htdocs\MyProject\wp-content\themes\wplms-child\pdf-generator.php(18): CertificateController->UpdateUserCertificate('71')
#2 C:\xampp\htdocs\MyProject\wp-includes\template-loader.php(106): include('C:\\xampp\\htdocs...')
#3 C:\xampp\htdocs\MyProject\wp-blog-header.php(19): require_once('C:\\xampp\\htdocs...')
#4 C:\xampp\htdocs\MyProject\index.php(17): require('C:\\xampp\\htdocs...')
#5 {main}
  thrown in C:\xampp\htdocs\MyProject\wp-content\themes\wplms-child\classes\CertificateController.php on line 87

2024-01-09T06:07:12+00:00 CRITICAL Uncaught Error: Failed opening required 'C:\xampp\htdocs\MyProject/wp-content/themes/wplms-child/includes/library/vendor/autoload.php' (include_path='C:\xampp\php\PEAR') in C:\xampp\htdocs\MyProject\wp-content\themes\wplms-child\classes\CertificateController.php:87
Stack trace:
#0 C:\xampp\htdocs\MyProject\wp-content\themes\wplms-child\classes\CertificateController.php(25): CertificateController->GeneratePdf()
#1 C:\xampp\htdocs\MyProject\wp-content\themes\wplms-child\pdf-generator.php(18): CertificateController->UpdateUserCertificate('71')
#2 C:\xampp\htdocs\MyProject\wp-includes\template-loader.php(106): include('C:\\xampp\\htdocs...')
#3 C:\xampp\htdocs\MyProject\wp-blog-header.php(19): require_once('C:\\xampp\\htdocs...')
#4 C:\xampp\htdocs\MyProject\index.php(17): require('C:\\xampp\\htdocs...')
#5 {main}
  thrown in C:\xampp\htdocs\MyProject\wp-content\themes\wplms-child\classes\CertificateController.php on line 87

2024-01-09T06:08:54+00:00 CRITICAL Uncaught Error: Failed opening required 'C:\xampp\htdocs\MyProject/wp-content/themes/wplms-child/includes/library/vendor/autoload.php' (include_path='C:\xampp\php\PEAR') in C:\xampp\htdocs\MyProject\wp-content\themes\wplms-child\classes\CertificateController.php:87
Stack trace:
#0 C:\xampp\htdocs\MyProject\wp-content\themes\wplms-child\classes\CertificateController.php(25): CertificateController->GeneratePdf()
#1 C:\xampp\htdocs\MyProject\wp-content\themes\wplms-child\pdf-generator.php(18): CertificateController->UpdateUserCertificate('71')
#2 C:\xampp\htdocs\MyProject\wp-includes\template-loader.php(106): include('C:\\xampp\\htdocs...')
#3 C:\xampp\htdocs\MyProject\wp-blog-header.php(19): require_once('C:\\xampp\\htdocs...')
#4 C:\xampp\htdocs\MyProject\index.php(17): require('C:\\xampp\\htdocs...')
#5 {main}
  thrown in C:\xampp\htdocs\MyProject\wp-content\themes\wplms-child\classes\CertificateController.php on line 87

2024-01-09T06:08:57+00:00 CRITICAL Uncaught Error: Failed opening required 'C:\xampp\htdocs\MyProject/wp-content/themes/wplms-child/includes/library/vendor/autoload.php' (include_path='C:\xampp\php\PEAR') in C:\xampp\htdocs\MyProject\wp-content\themes\wplms-child\classes\CertificateController.php:87
Stack trace:
#0 C:\xampp\htdocs\MyProject\wp-content\themes\wplms-child\classes\CertificateController.php(25): CertificateController->GeneratePdf()
#1 C:\xampp\htdocs\MyProject\wp-content\themes\wplms-child\pdf-generator.php(18): CertificateController->UpdateUserCertificate('71')
#2 C:\xampp\htdocs\MyProject\wp-includes\template-loader.php(106): include('C:\\xampp\\htdocs...')
#3 C:\xampp\htdocs\MyProject\wp-blog-header.php(19): require_once('C:\\xampp\\htdocs...')
#4 C:\xampp\htdocs\MyProject\index.php(17): require('C:\\xampp\\htdocs...')
#5 {main}
  thrown in C:\xampp\htdocs\MyProject\wp-content\themes\wplms-child\classes\CertificateController.php on line 87

2024-01-09T06:14:00+00:00 CRITICAL Uncaught Error: Failed opening required 'C:\xampp\htdocs\MyProject/wp-content/themes/wplms-child/includes/library/vendor/autoload.php' (include_path='C:\xampp\php\PEAR') in C:\xampp\htdocs\MyProject\wp-content\themes\wplms-child\classes\CertificateController.php:87
Stack trace:
#0 C:\xampp\htdocs\MyProject\wp-content\themes\wplms-child\classes\CertificateController.php(25): CertificateController->GeneratePdf()
#1 C:\xampp\htdocs\MyProject\wp-content\themes\wplms-child\pdf-generator.php(18): CertificateController->UpdateUserCertificate('71')
#2 C:\xampp\htdocs\MyProject\wp-includes\template-loader.php(106): include('C:\\xampp\\htdocs...')
#3 C:\xampp\htdocs\MyProject\wp-blog-header.php(19): require_once('C:\\xampp\\htdocs...')
#4 C:\xampp\htdocs\MyProject\index.php(17): require('C:\\xampp\\htdocs...')
#5 {main}
  thrown in C:\xampp\htdocs\MyProject\wp-content\themes\wplms-child\classes\CertificateController.php on line 87

2024-01-09T06:14:21+00:00 CRITICAL Uncaught Error: Failed opening required 'C:\xampp\htdocs\MyProject/wp-content/themes/wplms-child/includes/library/vendor/autoload.php' (include_path='C:\xampp\php\PEAR') in C:\xampp\htdocs\MyProject\wp-content\themes\wplms-child\classes\CertificateController.php:87
Stack trace:
#0 C:\xampp\htdocs\MyProject\wp-content\themes\wplms-child\classes\CertificateController.php(25): CertificateController->GeneratePdf()
#1 C:\xampp\htdocs\MyProject\wp-content\themes\wplms-child\pdf-generator.php(18): CertificateController->UpdateUserCertificate('74')
#2 C:\xampp\htdocs\MyProject\wp-includes\template-loader.php(106): include('C:\\xampp\\htdocs...')
#3 C:\xampp\htdocs\MyProject\wp-blog-header.php(19): require_once('C:\\xampp\\htdocs...')
#4 C:\xampp\htdocs\MyProject\index.php(17): require('C:\\xampp\\htdocs...')
#5 {main}
  thrown in C:\xampp\htdocs\MyProject\wp-content\themes\wplms-child\classes\CertificateController.php on line 87

2024-01-09T06:14:38+00:00 CRITICAL Uncaught Error: Failed opening required 'C:\xampp\htdocs\MyProject/wp-content/themes/wplms-child/includes/library/vendor/autoload.php' (include_path='C:\xampp\php\PEAR') in C:\xampp\htdocs\MyProject\wp-content\themes\wplms-child\classes\CertificateController.php:87
Stack trace:
#0 C:\xampp\htdocs\MyProject\wp-content\themes\wplms-child\classes\CertificateController.php(25): CertificateController->GeneratePdf()
#1 C:\xampp\htdocs\MyProject\wp-content\themes\wplms-child\pdf-generator.php(18): CertificateController->UpdateUserCertificate('74')
#2 C:\xampp\htdocs\MyProject\wp-includes\template-loader.php(106): include('C:\\xampp\\htdocs...')
#3 C:\xampp\htdocs\MyProject\wp-blog-header.php(19): require_once('C:\\xampp\\htdocs...')
#4 C:\xampp\htdocs\MyProject\index.php(17): require('C:\\xampp\\htdocs...')
#5 {main}
  thrown in C:\xampp\htdocs\MyProject\wp-content\themes\wplms-child\classes\CertificateController.php on line 87

2024-01-09T06:14:40+00:00 CRITICAL Uncaught Error: Failed opening required 'C:\xampp\htdocs\MyProject/wp-content/themes/wplms-child/includes/library/vendor/autoload.php' (include_path='C:\xampp\php\PEAR') in C:\xampp\htdocs\MyProject\wp-content\themes\wplms-child\classes\CertificateController.php:87
Stack trace:
#0 C:\xampp\htdocs\MyProject\wp-content\themes\wplms-child\classes\CertificateController.php(25): CertificateController->GeneratePdf()
#1 C:\xampp\htdocs\MyProject\wp-content\themes\wplms-child\pdf-generator.php(18): CertificateController->UpdateUserCertificate('74')
#2 C:\xampp\htdocs\MyProject\wp-includes\template-loader.php(106): include('C:\\xampp\\htdocs...')
#3 C:\xampp\htdocs\MyProject\wp-blog-header.php(19): require_once('C:\\xampp\\htdocs...')
#4 C:\xampp\htdocs\MyProject\index.php(17): require('C:\\xampp\\htdocs...')
#5 {main}
  thrown in C:\xampp\htdocs\MyProject\wp-content\themes\wplms-child\classes\CertificateController.php on line 87

2024-01-09T06:40:06+00:00 CRITICAL Uncaught Error: Call to undefined function bp_course_get_user_completed_courses() in C:\xampp\htdocs\MyProject\wp-content\themes\wplms-child\pdf-generator.php:30
Stack trace:
#0 C:\xampp\htdocs\MyProject\wp-includes\template-loader.php(106): include()
#1 C:\xampp\htdocs\MyProject\wp-blog-header.php(19): require_once('C:\\xampp\\htdocs...')
#2 C:\xampp\htdocs\MyProject\index.php(17): require('C:\\xampp\\htdocs...')
#3 {main}
  thrown in C:\xampp\htdocs\MyProject\wp-content\themes\wplms-child\pdf-generator.php on line 30

2024-01-09T07:05:46+00:00 CRITICAL Uncaught TypeError: count(): Argument #1 ($value) must be of type Countable|array, string given in C:\xampp\htdocs\MyProject\wp-content\plugins\vibe-course-module\includes\bp-course-actions.php:1382
Stack trace:
#0 C:\xampp\htdocs\MyProject\wp-includes\class-wp-hook.php(310): BP_Course_Action->bp_course_enable_access(646)
#1 C:\xampp\htdocs\MyProject\wp-includes\class-wp-hook.php(332): WP_Hook->apply_filters(NULL, Array)
#2 C:\xampp\htdocs\MyProject\wp-includes\plugin.php(517): WP_Hook->do_action(Array)
#3 C:\xampp\htdocs\MyProject\wp-content\plugins\woocommerce\includes\class-wc-order.php(363): do_action('woocommerce_ord...', 646, Object(Automattic\WooCommerce\Admin\Overrides\Order))
#4 C:\xampp\htdocs\MyProject\wp-content\plugins\woocommerce\includes\class-wc-order.php(221): WC_Order->status_transition()
#5 C:\xampp\htdocs\MyProject\wp-content\plugins\woocommerce\includes\class-wc-order.php(119): WC_Order->save()
#6 C:\xampp\htdocs\MyProject\wp-content\plugins\woocommerce\includes\class-wc-checkout.php(961): WC_Order->payment_complete()
#7 C:\xampp\htdocs\MyProject\wp-content\plugins\woocommerce\includes\class-wc-checkout.php(1143): WC_Checkout->process_order_without_payment(646)
#8 C:\xampp\htdocs\MyProject\wp-content\plugins\woocommerce\includes\class-wc-ajax.php(464): WC_Checkout->process_checkout()
#9 C:\xampp\htdocs\MyProject\wp-includes\class-wp-hook.php(308): WC_AJAX::checkout('')
#10 C:\xampp\htdocs\MyProject\wp-includes\class-wp-hook.php(332): WP_Hook->apply_filters('', Array)
#11 C:\xampp\htdocs\MyProject\wp-includes\plugin.php(517): WP_Hook->do_action(Array)
#12 C:\xampp\htdocs\MyProject\wp-content\plugins\woocommerce\includes\class-wc-ajax.php(89): do_action('wc_ajax_checkou...')
#13 C:\xampp\htdocs\MyProject\wp-includes\class-wp-hook.php(308): WC_AJAX::do_wc_ajax('')
#14 C:\xampp\htdocs\MyProject\wp-includes\class-wp-hook.php(332): WP_Hook->apply_filters(false, Array)
#15 C:\xampp\htdocs\MyProject\wp-includes\plugin.php(517): WP_Hook->do_action(Array)
#16 C:\xampp\htdocs\MyProject\wp-includes\template-loader.php(13): do_action('template_redire...')
#17 C:\xampp\htdocs\MyProject\wp-blog-header.php(19): require_once('C:\\xampp\\htdocs...')
#18 C:\xampp\htdocs\MyProject\index.php(17): require('C:\\xampp\\htdocs...')
#19 {main}
  thrown in C:\xampp\htdocs\MyProject\wp-content\plugins\vibe-course-module\includes\bp-course-actions.php on line 1382

2024-01-09T07:08:06+00:00 CRITICAL Uncaught TypeError: count(): Argument #1 ($value) must be of type Countable|array, string given in C:\xampp\htdocs\MyProject\wp-content\plugins\vibe-course-module\includes\bp-course-actions.php:1382
Stack trace:
#0 C:\xampp\htdocs\MyProject\wp-includes\class-wp-hook.php(310): BP_Course_Action->bp_course_enable_access(647)
#1 C:\xampp\htdocs\MyProject\wp-includes\class-wp-hook.php(332): WP_Hook->apply_filters(NULL, Array)
#2 C:\xampp\htdocs\MyProject\wp-includes\plugin.php(517): WP_Hook->do_action(Array)
#3 C:\xampp\htdocs\MyProject\wp-content\plugins\woocommerce\includes\class-wc-order.php(363): do_action('woocommerce_ord...', 647, Object(Automattic\WooCommerce\Admin\Overrides\Order))
#4 C:\xampp\htdocs\MyProject\wp-content\plugins\woocommerce\includes\class-wc-order.php(221): WC_Order->status_transition()
#5 C:\xampp\htdocs\MyProject\wp-content\plugins\woocommerce\includes\class-wc-order.php(119): WC_Order->save()
#6 C:\xampp\htdocs\MyProject\wp-content\plugins\woocommerce\includes\class-wc-checkout.php(961): WC_Order->payment_complete()
#7 C:\xampp\htdocs\MyProject\wp-content\plugins\woocommerce\includes\class-wc-checkout.php(1143): WC_Checkout->process_order_without_payment(647)
#8 C:\xampp\htdocs\MyProject\wp-content\plugins\woocommerce\includes\class-wc-ajax.php(464): WC_Checkout->process_checkout()
#9 C:\xampp\htdocs\MyProject\wp-includes\class-wp-hook.php(308): WC_AJAX::checkout('')
#10 C:\xampp\htdocs\MyProject\wp-includes\class-wp-hook.php(332): WP_Hook->apply_filters('', Array)
#11 C:\xampp\htdocs\MyProject\wp-includes\plugin.php(517): WP_Hook->do_action(Array)
#12 C:\xampp\htdocs\MyProject\wp-content\plugins\woocommerce\includes\class-wc-ajax.php(89): do_action('wc_ajax_checkou...')
#13 C:\xampp\htdocs\MyProject\wp-includes\class-wp-hook.php(308): WC_AJAX::do_wc_ajax('')
#14 C:\xampp\htdocs\MyProject\wp-includes\class-wp-hook.php(332): WP_Hook->apply_filters(false, Array)
#15 C:\xampp\htdocs\MyProject\wp-includes\plugin.php(517): WP_Hook->do_action(Array)
#16 C:\xampp\htdocs\MyProject\wp-includes\template-loader.php(13): do_action('template_redire...')
#17 C:\xampp\htdocs\MyProject\wp-blog-header.php(19): require_once('C:\\xampp\\htdocs...')
#18 C:\xampp\htdocs\MyProject\index.php(17): require('C:\\xampp\\htdocs...')
#19 {main}
  thrown in C:\xampp\htdocs\MyProject\wp-content\plugins\vibe-course-module\includes\bp-course-actions.php on line 1382

2024-01-09T08:17:47+00:00 CRITICAL Uncaught TypeError: Unsupported operand types: string * int in C:\xampp\htdocs\MyProject\wp-content\plugins\wplms-assignments\includes\class.assignment-process.php:206
Stack trace:
#0 C:\xampp\htdocs\MyProject\wp-includes\class-wp-hook.php(308): WPLMS_Assignments_Process->show_assignment_in_curriculum(Array, 78)
#1 C:\xampp\htdocs\MyProject\wp-includes\class-wp-hook.php(332): WP_Hook->apply_filters('', Array)
#2 C:\xampp\htdocs\MyProject\wp-includes\plugin.php(517): WP_Hook->do_action(Array)
#3 C:\xampp\htdocs\MyProject\wp-content\themes\wplms\course\single\curriculum.php(72): do_action('wplms_curriculu...', Array, 78)
#4 C:\xampp\htdocs\MyProject\wp-content\plugins\vibe-customtypes\includes\tips.php(2382): include('C:\\xampp\\htdocs...')
#5 C:\xampp\htdocs\MyProject\wp-includes\class-wp-hook.php(308): WPLMS_tips->course_curriculum_below_description('')
#6 C:\xampp\htdocs\MyProject\wp-includes\class-wp-hook.php(332): WP_Hook->apply_filters('', Array)
#7 C:\xampp\htdocs\MyProject\wp-includes\plugin.php(517): WP_Hook->do_action(Array)
#8 C:\xampp\htdocs\MyProject\wp-content\themes\wplms\course\single\front.php(85): do_action('wplms_after_cou...')
#9 C:\xampp\htdocs\MyProject\wp-includes\template.php(783): require_once('C:\\xampp\\htdocs...')
#10 C:\xampp\htdocs\MyProject\wp-content\themes\wplms\includes\init.php(1018): load_template('C:\\xampp\\htdocs...', true)
#11 C:\xampp\htdocs\MyProject\wp-content\themes\wplms\course\single\home.php(104): vibe_include_template('course/front.ph...', 'course/single/f...')
#12 C:\xampp\htdocs\MyProject\wp-includes\template.php(785): require('C:\\xampp\\htdocs...')
#13 C:\xampp\htdocs\MyProject\wp-content\plugins\buddypress\bp-core\bp-core-template-loader.php(155): load_template('C:\\xampp\\htdocs...', false)
#14 C:\xampp\htdocs\MyProject\wp-content\plugins\buddypress\bp-core\bp-core-template-loader.php(61): bp_locate_template(Array, true, false)
#15 C:\xampp\htdocs\MyProject\wp-content\plugins\vibe-customtypes\includes\permalinks.php(508): bp_get_template_part('course/single/h...')
#16 C:\xampp\htdocs\MyProject\wp-includes\class-wp-hook.php(308): Vibe_CustomTypes_Permalinks->catch_vars('')
#17 C:\xampp\htdocs\MyProject\wp-includes\class-wp-hook.php(332): WP_Hook->apply_filters(NULL, Array)
#18 C:\xampp\htdocs\MyProject\wp-includes\plugin.php(517): WP_Hook->do_action(Array)
#19 C:\xampp\htdocs\MyProject\wp-includes\template-loader.php(13): do_action('template_redire...')
#20 C:\xampp\htdocs\MyProject\wp-blog-header.php(19): require_once('C:\\xampp\\htdocs...')
#21 C:\xampp\htdocs\MyProject\index.php(17): require('C:\\xampp\\htdocs...')
#22 {main}
  thrown in C:\xampp\htdocs\MyProject\wp-content\plugins\wplms-assignments\includes\class.assignment-process.php on line 206

2024-01-09T08:17:57+00:00 CRITICAL Uncaught TypeError: Unsupported operand types: string * int in C:\xampp\htdocs\MyProject\wp-content\plugins\wplms-assignments\includes\class.assignment-process.php:206
Stack trace:
#0 C:\xampp\htdocs\MyProject\wp-includes\class-wp-hook.php(308): WPLMS_Assignments_Process->show_assignment_in_curriculum(Array, 78)
#1 C:\xampp\htdocs\MyProject\wp-includes\class-wp-hook.php(332): WP_Hook->apply_filters('', Array)
#2 C:\xampp\htdocs\MyProject\wp-includes\plugin.php(517): WP_Hook->do_action(Array)
#3 C:\xampp\htdocs\MyProject\wp-content\themes\wplms\course\single\curriculum.php(72): do_action('wplms_curriculu...', Array, 78)
#4 C:\xampp\htdocs\MyProject\wp-content\plugins\vibe-customtypes\includes\tips.php(2382): include('C:\\xampp\\htdocs...')
#5 C:\xampp\htdocs\MyProject\wp-includes\class-wp-hook.php(308): WPLMS_tips->course_curriculum_below_description('')
#6 C:\xampp\htdocs\MyProject\wp-includes\class-wp-hook.php(332): WP_Hook->apply_filters('', Array)
#7 C:\xampp\htdocs\MyProject\wp-includes\plugin.php(517): WP_Hook->do_action(Array)
#8 C:\xampp\htdocs\MyProject\wp-content\themes\wplms\course\single\front.php(85): do_action('wplms_after_cou...')
#9 C:\xampp\htdocs\MyProject\wp-includes\template.php(783): require_once('C:\\xampp\\htdocs...')
#10 C:\xampp\htdocs\MyProject\wp-content\themes\wplms\includes\init.php(1018): load_template('C:\\xampp\\htdocs...', true)
#11 C:\xampp\htdocs\MyProject\wp-content\themes\wplms\course\single\home.php(104): vibe_include_template('course/front.ph...', 'course/single/f...')
#12 C:\xampp\htdocs\MyProject\wp-includes\template.php(785): require('C:\\xampp\\htdocs...')
#13 C:\xampp\htdocs\MyProject\wp-content\plugins\buddypress\bp-core\bp-core-template-loader.php(155): load_template('C:\\xampp\\htdocs...', false)
#14 C:\xampp\htdocs\MyProject\wp-content\plugins\buddypress\bp-core\bp-core-template-loader.php(61): bp_locate_template(Array, true, false)
#15 C:\xampp\htdocs\MyProject\wp-content\plugins\vibe-customtypes\includes\permalinks.php(508): bp_get_template_part('course/single/h...')
#16 C:\xampp\htdocs\MyProject\wp-includes\class-wp-hook.php(308): Vibe_CustomTypes_Permalinks->catch_vars('')
#17 C:\xampp\htdocs\MyProject\wp-includes\class-wp-hook.php(332): WP_Hook->apply_filters(NULL, Array)
#18 C:\xampp\htdocs\MyProject\wp-includes\plugin.php(517): WP_Hook->do_action(Array)
#19 C:\xampp\htdocs\MyProject\wp-includes\template-loader.php(13): do_action('template_redire...')
#20 C:\xampp\htdocs\MyProject\wp-blog-header.php(19): require_once('C:\\xampp\\htdocs...')
#21 C:\xampp\htdocs\MyProject\index.php(17): require('C:\\xampp\\htdocs...')
#22 {main}
  thrown in C:\xampp\htdocs\MyProject\wp-content\plugins\wplms-assignments\includes\class.assignment-process.php on line 206

2024-01-09T08:18:09+00:00 CRITICAL Uncaught TypeError: Unsupported operand types: string * int in C:\xampp\htdocs\MyProject\wp-content\plugins\wplms-assignments\includes\class.assignment-process.php:206
Stack trace:
#0 C:\xampp\htdocs\MyProject\wp-includes\class-wp-hook.php(308): WPLMS_Assignments_Process->show_assignment_in_curriculum(Array, 78)
#1 C:\xampp\htdocs\MyProject\wp-includes\class-wp-hook.php(332): WP_Hook->apply_filters('', Array)
#2 C:\xampp\htdocs\MyProject\wp-includes\plugin.php(517): WP_Hook->do_action(Array)
#3 C:\xampp\htdocs\MyProject\wp-content\themes\wplms\course\single\curriculum.php(72): do_action('wplms_curriculu...', Array, 78)
#4 C:\xampp\htdocs\MyProject\wp-content\plugins\vibe-customtypes\includes\tips.php(2382): include('C:\\xampp\\htdocs...')
#5 C:\xampp\htdocs\MyProject\wp-includes\class-wp-hook.php(308): WPLMS_tips->course_curriculum_below_description('')
#6 C:\xampp\htdocs\MyProject\wp-includes\class-wp-hook.php(332): WP_Hook->apply_filters('', Array)
#7 C:\xampp\htdocs\MyProject\wp-includes\plugin.php(517): WP_Hook->do_action(Array)
#8 C:\xampp\htdocs\MyProject\wp-content\themes\wplms\course\single\front.php(85): do_action('wplms_after_cou...')
#9 C:\xampp\htdocs\MyProject\wp-includes\template.php(783): require_once('C:\\xampp\\htdocs...')
#10 C:\xampp\htdocs\MyProject\wp-content\themes\wplms\includes\init.php(1018): load_template('C:\\xampp\\htdocs...', true)
#11 C:\xampp\htdocs\MyProject\wp-content\themes\wplms\course\single\home.php(104): vibe_include_template('course/front.ph...', 'course/single/f...')
#12 C:\xampp\htdocs\MyProject\wp-includes\template.php(785): require('C:\\xampp\\htdocs...')
#13 C:\xampp\htdocs\MyProject\wp-content\plugins\buddypress\bp-core\bp-core-template-loader.php(155): load_template('C:\\xampp\\htdocs...', false)
#14 C:\xampp\htdocs\MyProject\wp-content\plugins\buddypress\bp-core\bp-core-template-loader.php(61): bp_locate_template(Array, true, false)
#15 C:\xampp\htdocs\MyProject\wp-content\plugins\vibe-customtypes\includes\permalinks.php(508): bp_get_template_part('course/single/h...')
#16 C:\xampp\htdocs\MyProject\wp-includes\class-wp-hook.php(308): Vibe_CustomTypes_Permalinks->catch_vars('')
#17 C:\xampp\htdocs\MyProject\wp-includes\class-wp-hook.php(332): WP_Hook->apply_filters(NULL, Array)
#18 C:\xampp\htdocs\MyProject\wp-includes\plugin.php(517): WP_Hook->do_action(Array)
#19 C:\xampp\htdocs\MyProject\wp-includes\template-loader.php(13): do_action('template_redire...')
#20 C:\xampp\htdocs\MyProject\wp-blog-header.php(19): require_once('C:\\xampp\\htdocs...')
#21 C:\xampp\htdocs\MyProject\index.php(17): require('C:\\xampp\\htdocs...')
#22 {main}
  thrown in C:\xampp\htdocs\MyProject\wp-content\plugins\wplms-assignments\includes\class.assignment-process.php on line 206

2024-01-09T08:19:07+00:00 CRITICAL Uncaught TypeError: Unsupported operand types: int + string in C:\xampp\htdocs\MyProject\wp-content\themes\wplms-child\functions.php:661
Stack trace:
#0 C:\xampp\htdocs\MyProject\wp-includes\class-wp-hook.php(310): {closure}(0)
#1 C:\xampp\htdocs\MyProject\wp-includes\plugin.php(205): WP_Hook->apply_filters(0, Array)
#2 C:\xampp\htdocs\MyProject\wp-content\plugins\vibe-course-module\includes\bp-course-template.php(779): apply_filters('bp_course_singl...', 0, Object(WP_Post))
#3 C:\xampp\htdocs\MyProject\wp-content\themes\wplms-child\course\course-loop.php(54): bp_course_item_view()
#4 C:\xampp\htdocs\MyProject\wp-includes\template.php(783): require_once('C:\\xampp\\htdocs...')
#5 C:\xampp\htdocs\MyProject\wp-includes\template.php(718): load_template('C:\\xampp\\htdocs...', true, Array)
#6 C:\xampp\htdocs\MyProject\wp-content\themes\wplms-child\templates\directory\course\indexd3.php(773): locate_template(Array, true)
#7 C:\xampp\htdocs\MyProject\wp-content\themes\wplms\includes\init.php(1026): include_once('C:\\xampp\\htdocs...')
#8 C:\xampp\htdocs\MyProject\wp-content\themes\wplms\course\index.php(19): vibe_include_template('/MyProject')
#9 C:\xampp\htdocs\MyProject\wp-includes\template.php(783): require_once('C:\\xampp\\htdocs...')
#10 C:\xampp\htdocs\MyProject\wp-content\plugins\buddypress\bp-core\bp-core-catchuri.php(493): load_template('C:\\xampp\\htdocs...')
#11 C:\xampp\htdocs\MyProject\wp-content\plugins\vibe-course-module\includes\bp-course-screens.php(29): bp_core_load_template('course/index')
#12 C:\xampp\htdocs\MyProject\wp-includes\class-wp-hook.php(308): bp_course_directory_setup('')
#13 C:\xampp\htdocs\MyProject\wp-includes\class-wp-hook.php(332): WP_Hook->apply_filters(NULL, Array)
#14 C:\xampp\htdocs\MyProject\wp-includes\plugin.php(517): WP_Hook->do_action(Array)
#15 C:\xampp\htdocs\MyProject\wp-content\plugins\buddypress\bp-core\bp-core-dependency.php(359): do_action('bp_screens')
#16 C:\xampp\htdocs\MyProject\wp-includes\class-wp-hook.php(308): bp_screens('')
#17 C:\xampp\htdocs\MyProject\wp-includes\class-wp-hook.php(332): WP_Hook->apply_filters(NULL, Array)
#18 C:\xampp\htdocs\MyProject\wp-includes\plugin.php(517): WP_Hook->do_action(Array)
#19 C:\xampp\htdocs\MyProject\wp-content\plugins\buddypress\bp-core\bp-core-dependency.php(416): do_action('bp_template_red...')
#20 C:\xampp\htdocs\MyProject\wp-includes\class-wp-hook.php(308): bp_template_redirect('')
#21 C:\xampp\htdocs\MyProject\wp-includes\class-wp-hook.php(332): WP_Hook->apply_filters(NULL, Array)
#22 C:\xampp\htdocs\MyProject\wp-includes\plugin.php(517): WP_Hook->do_action(Array)
#23 C:\xampp\htdocs\MyProject\wp-includes\template-loader.php(13): do_action('template_redire...')
#24 C:\xampp\htdocs\MyProject\wp-blog-header.php(19): require_once('C:\\xampp\\htdocs...')
#25 C:\xampp\htdocs\MyProject\index.php(17): require('C:\\xampp\\htdocs...')
#26 {main}
  thrown in C:\xampp\htdocs\MyProject\wp-content\themes\wplms-child\functions.php on line 661

2024-01-09T08:19:22+00:00 CRITICAL Uncaught TypeError: Unsupported operand types: int + string in C:\xampp\htdocs\MyProject\wp-content\themes\wplms-child\functions.php:661
Stack trace:
#0 C:\xampp\htdocs\MyProject\wp-includes\class-wp-hook.php(310): {closure}(0)
#1 C:\xampp\htdocs\MyProject\wp-includes\plugin.php(205): WP_Hook->apply_filters(0, Array)
#2 C:\xampp\htdocs\MyProject\wp-content\plugins\vibe-course-module\includes\bp-course-template.php(779): apply_filters('bp_course_singl...', 0, Object(WP_Post))
#3 C:\xampp\htdocs\MyProject\wp-content\themes\wplms-child\course\course-loop.php(54): bp_course_item_view()
#4 C:\xampp\htdocs\MyProject\wp-includes\template.php(783): require_once('C:\\xampp\\htdocs...')
#5 C:\xampp\htdocs\MyProject\wp-includes\template.php(718): load_template('C:\\xampp\\htdocs...', true, Array)
#6 C:\xampp\htdocs\MyProject\wp-content\themes\wplms-child\templates\directory\course\indexd3.php(773): locate_template(Array, true)
#7 C:\xampp\htdocs\MyProject\wp-content\themes\wplms\includes\init.php(1026): include_once('C:\\xampp\\htdocs...')
#8 C:\xampp\htdocs\MyProject\wp-content\themes\wplms\course\index.php(19): vibe_include_template('/MyProject')
#9 C:\xampp\htdocs\MyProject\wp-includes\template.php(783): require_once('C:\\xampp\\htdocs...')
#10 C:\xampp\htdocs\MyProject\wp-content\plugins\buddypress\bp-core\bp-core-catchuri.php(493): load_template('C:\\xampp\\htdocs...')
#11 C:\xampp\htdocs\MyProject\wp-content\plugins\vibe-course-module\includes\bp-course-screens.php(29): bp_core_load_template('course/index')
#12 C:\xampp\htdocs\MyProject\wp-includes\class-wp-hook.php(308): bp_course_directory_setup('')
#13 C:\xampp\htdocs\MyProject\wp-includes\class-wp-hook.php(332): WP_Hook->apply_filters(NULL, Array)
#14 C:\xampp\htdocs\MyProject\wp-includes\plugin.php(517): WP_Hook->do_action(Array)
#15 C:\xampp\htdocs\MyProject\wp-content\plugins\buddypress\bp-core\bp-core-dependency.php(359): do_action('bp_screens')
#16 C:\xampp\htdocs\MyProject\wp-includes\class-wp-hook.php(308): bp_screens('')
#17 C:\xampp\htdocs\MyProject\wp-includes\class-wp-hook.php(332): WP_Hook->apply_filters(NULL, Array)
#18 C:\xampp\htdocs\MyProject\wp-includes\plugin.php(517): WP_Hook->do_action(Array)
#19 C:\xampp\htdocs\MyProject\wp-content\plugins\buddypress\bp-core\bp-core-dependency.php(416): do_action('bp_template_red...')
#20 C:\xampp\htdocs\MyProject\wp-includes\class-wp-hook.php(308): bp_template_redirect('')
#21 C:\xampp\htdocs\MyProject\wp-includes\class-wp-hook.php(332): WP_Hook->apply_filters(NULL, Array)
#22 C:\xampp\htdocs\MyProject\wp-includes\plugin.php(517): WP_Hook->do_action(Array)
#23 C:\xampp\htdocs\MyProject\wp-includes\template-loader.php(13): do_action('template_redire...')
#24 C:\xampp\htdocs\MyProject\wp-blog-header.php(19): require_once('C:\\xampp\\htdocs...')
#25 C:\xampp\htdocs\MyProject\index.php(17): require('C:\\xampp\\htdocs...')
#26 {main}
  thrown in C:\xampp\htdocs\MyProject\wp-content\themes\wplms-child\functions.php on line 661

2024-01-09T08:19:46+00:00 CRITICAL Uncaught TypeError: Unsupported operand types: int + string in C:\xampp\htdocs\MyProject\wp-content\themes\wplms-child\functions.php:661
Stack trace:
#0 C:\xampp\htdocs\MyProject\wp-includes\class-wp-hook.php(310): {closure}(0)
#1 C:\xampp\htdocs\MyProject\wp-includes\plugin.php(205): WP_Hook->apply_filters(0, Array)
#2 C:\xampp\htdocs\MyProject\wp-content\plugins\vibe-course-module\includes\bp-course-template.php(779): apply_filters('bp_course_singl...', 0, Object(WP_Post))
#3 C:\xampp\htdocs\MyProject\wp-content\themes\wplms-child\course\course-loop.php(54): bp_course_item_view()
#4 C:\xampp\htdocs\MyProject\wp-includes\template.php(783): require_once('C:\\xampp\\htdocs...')
#5 C:\xampp\htdocs\MyProject\wp-includes\template.php(718): load_template('C:\\xampp\\htdocs...', true, Array)
#6 C:\xampp\htdocs\MyProject\wp-content\themes\wplms-child\templates\directory\course\indexd3.php(773): locate_template(Array, true)
#7 C:\xampp\htdocs\MyProject\wp-content\themes\wplms\includes\init.php(1026): include_once('C:\\xampp\\htdocs...')
#8 C:\xampp\htdocs\MyProject\wp-content\themes\wplms\course\index.php(19): vibe_include_template('/MyProject')
#9 C:\xampp\htdocs\MyProject\wp-includes\template.php(783): require_once('C:\\xampp\\htdocs...')
#10 C:\xampp\htdocs\MyProject\wp-content\plugins\buddypress\bp-core\bp-core-catchuri.php(493): load_template('C:\\xampp\\htdocs...')
#11 C:\xampp\htdocs\MyProject\wp-content\plugins\vibe-course-module\includes\bp-course-screens.php(29): bp_core_load_template('course/index')
#12 C:\xampp\htdocs\MyProject\wp-includes\class-wp-hook.php(308): bp_course_directory_setup('')
#13 C:\xampp\htdocs\MyProject\wp-includes\class-wp-hook.php(332): WP_Hook->apply_filters(NULL, Array)
#14 C:\xampp\htdocs\MyProject\wp-includes\plugin.php(517): WP_Hook->do_action(Array)
#15 C:\xampp\htdocs\MyProject\wp-content\plugins\buddypress\bp-core\bp-core-dependency.php(359): do_action('bp_screens')
#16 C:\xampp\htdocs\MyProject\wp-includes\class-wp-hook.php(308): bp_screens('')
#17 C:\xampp\htdocs\MyProject\wp-includes\class-wp-hook.php(332): WP_Hook->apply_filters(NULL, Array)
#18 C:\xampp\htdocs\MyProject\wp-includes\plugin.php(517): WP_Hook->do_action(Array)
#19 C:\xampp\htdocs\MyProject\wp-content\plugins\buddypress\bp-core\bp-core-dependency.php(416): do_action('bp_template_red...')
#20 C:\xampp\htdocs\MyProject\wp-includes\class-wp-hook.php(308): bp_template_redirect('')
#21 C:\xampp\htdocs\MyProject\wp-includes\class-wp-hook.php(332): WP_Hook->apply_filters(NULL, Array)
#22 C:\xampp\htdocs\MyProject\wp-includes\plugin.php(517): WP_Hook->do_action(Array)
#23 C:\xampp\htdocs\MyProject\wp-includes\template-loader.php(13): do_action('template_redire...')
#24 C:\xampp\htdocs\MyProject\wp-blog-header.php(19): require_once('C:\\xampp\\htdocs...')
#25 C:\xampp\htdocs\MyProject\index.php(17): require('C:\\xampp\\htdocs...')
#26 {main}
  thrown in C:\xampp\htdocs\MyProject\wp-content\themes\wplms-child\functions.php on line 661

2024-01-09T08:20:04+00:00 CRITICAL Uncaught TypeError: Unsupported operand types: int + string in C:\xampp\htdocs\MyProject\wp-content\themes\wplms-child\functions.php:661
Stack trace:
#0 C:\xampp\htdocs\MyProject\wp-includes\class-wp-hook.php(310): {closure}(0)
#1 C:\xampp\htdocs\MyProject\wp-includes\plugin.php(205): WP_Hook->apply_filters(0, Array)
#2 C:\xampp\htdocs\MyProject\wp-content\plugins\vibe-course-module\includes\bp-course-template.php(779): apply_filters('bp_course_singl...', 0, Object(WP_Post))
#3 C:\xampp\htdocs\MyProject\wp-content\themes\wplms-child\course\course-loop.php(54): bp_course_item_view()
#4 C:\xampp\htdocs\MyProject\wp-includes\template.php(783): require_once('C:\\xampp\\htdocs...')
#5 C:\xampp\htdocs\MyProject\wp-includes\template.php(718): load_template('C:\\xampp\\htdocs...', true, Array)
#6 C:\xampp\htdocs\MyProject\wp-content\themes\wplms-child\templates\directory\course\indexd3.php(773): locate_template(Array, true)
#7 C:\xampp\htdocs\MyProject\wp-content\themes\wplms\includes\init.php(1026): include_once('C:\\xampp\\htdocs...')
#8 C:\xampp\htdocs\MyProject\wp-content\themes\wplms\course\index.php(19): vibe_include_template('/MyProject')
#9 C:\xampp\htdocs\MyProject\wp-includes\template.php(783): require_once('C:\\xampp\\htdocs...')
#10 C:\xampp\htdocs\MyProject\wp-content\plugins\buddypress\bp-core\bp-core-catchuri.php(493): load_template('C:\\xampp\\htdocs...')
#11 C:\xampp\htdocs\MyProject\wp-content\plugins\vibe-course-module\includes\bp-course-screens.php(29): bp_core_load_template('course/index')
#12 C:\xampp\htdocs\MyProject\wp-includes\class-wp-hook.php(308): bp_course_directory_setup('')
#13 C:\xampp\htdocs\MyProject\wp-includes\class-wp-hook.php(332): WP_Hook->apply_filters(NULL, Array)
#14 C:\xampp\htdocs\MyProject\wp-includes\plugin.php(517): WP_Hook->do_action(Array)
#15 C:\xampp\htdocs\MyProject\wp-content\plugins\buddypress\bp-core\bp-core-dependency.php(359): do_action('bp_screens')
#16 C:\xampp\htdocs\MyProject\wp-includes\class-wp-hook.php(308): bp_screens('')
#17 C:\xampp\htdocs\MyProject\wp-includes\class-wp-hook.php(332): WP_Hook->apply_filters(NULL, Array)
#18 C:\xampp\htdocs\MyProject\wp-includes\plugin.php(517): WP_Hook->do_action(Array)
#19 C:\xampp\htdocs\MyProject\wp-content\plugins\buddypress\bp-core\bp-core-dependency.php(416): do_action('bp_template_red...')
#20 C:\xampp\htdocs\MyProject\wp-includes\class-wp-hook.php(308): bp_template_redirect('')
#21 C:\xampp\htdocs\MyProject\wp-includes\class-wp-hook.php(332): WP_Hook->apply_filters(NULL, Array)
#22 C:\xampp\htdocs\MyProject\wp-includes\plugin.php(517): WP_Hook->do_action(Array)
#23 C:\xampp\htdocs\MyProject\wp-includes\template-loader.php(13): do_action('template_redire...')
#24 C:\xampp\htdocs\MyProject\wp-blog-header.php(19): require_once('C:\\xampp\\htdocs...')
#25 C:\xampp\htdocs\MyProject\index.php(17): require('C:\\xampp\\htdocs...')
#26 {main}
  thrown in C:\xampp\htdocs\MyProject\wp-content\themes\wplms-child\functions.php on line 661

2024-01-09T08:20:44+00:00 CRITICAL Uncaught TypeError: Unsupported operand types: int + string in C:\xampp\htdocs\MyProject\wp-content\themes\wplms-child\functions.php:661
Stack trace:
#0 C:\xampp\htdocs\MyProject\wp-includes\class-wp-hook.php(310): {closure}(0)
#1 C:\xampp\htdocs\MyProject\wp-includes\plugin.php(205): WP_Hook->apply_filters(0, Array)
#2 C:\xampp\htdocs\MyProject\wp-content\plugins\vibe-course-module\includes\bp-course-template.php(779): apply_filters('bp_course_singl...', 0, Object(WP_Post))
#3 C:\xampp\htdocs\MyProject\wp-content\themes\wplms-child\course\course-loop.php(54): bp_course_item_view()
#4 C:\xampp\htdocs\MyProject\wp-includes\template.php(783): require_once('C:\\xampp\\htdocs...')
#5 C:\xampp\htdocs\MyProject\wp-includes\template.php(718): load_template('C:\\xampp\\htdocs...', true, Array)
#6 C:\xampp\htdocs\MyProject\wp-content\themes\wplms-child\templates\directory\course\indexd3.php(773): locate_template(Array, true)
#7 C:\xampp\htdocs\MyProject\wp-content\themes\wplms\includes\init.php(1026): include_once('C:\\xampp\\htdocs...')
#8 C:\xampp\htdocs\MyProject\wp-content\themes\wplms\course\index.php(19): vibe_include_template('/MyProject')
#9 C:\xampp\htdocs\MyProject\wp-includes\template.php(783): require_once('C:\\xampp\\htdocs...')
#10 C:\xampp\htdocs\MyProject\wp-content\plugins\buddypress\bp-core\bp-core-catchuri.php(493): load_template('C:\\xampp\\htdocs...')
#11 C:\xampp\htdocs\MyProject\wp-content\plugins\vibe-course-module\includes\bp-course-screens.php(29): bp_core_load_template('course/index')
#12 C:\xampp\htdocs\MyProject\wp-includes\class-wp-hook.php(308): bp_course_directory_setup('')
#13 C:\xampp\htdocs\MyProject\wp-includes\class-wp-hook.php(332): WP_Hook->apply_filters(NULL, Array)
#14 C:\xampp\htdocs\MyProject\wp-includes\plugin.php(517): WP_Hook->do_action(Array)
#15 C:\xampp\htdocs\MyProject\wp-content\plugins\buddypress\bp-core\bp-core-dependency.php(359): do_action('bp_screens')
#16 C:\xampp\htdocs\MyProject\wp-includes\class-wp-hook.php(308): bp_screens('')
#17 C:\xampp\htdocs\MyProject\wp-includes\class-wp-hook.php(332): WP_Hook->apply_filters(NULL, Array)
#18 C:\xampp\htdocs\MyProject\wp-includes\plugin.php(517): WP_Hook->do_action(Array)
#19 C:\xampp\htdocs\MyProject\wp-content\plugins\buddypress\bp-core\bp-core-dependency.php(416): do_action('bp_template_red...')
#20 C:\xampp\htdocs\MyProject\wp-includes\class-wp-hook.php(308): bp_template_redirect('')
#21 C:\xampp\htdocs\MyProject\wp-includes\class-wp-hook.php(332): WP_Hook->apply_filters(NULL, Array)
#22 C:\xampp\htdocs\MyProject\wp-includes\plugin.php(517): WP_Hook->do_action(Array)
#23 C:\xampp\htdocs\MyProject\wp-includes\template-loader.php(13): do_action('template_redire...')
#24 C:\xampp\htdocs\MyProject\wp-blog-header.php(19): require_once('C:\\xampp\\htdocs...')
#25 C:\xampp\htdocs\MyProject\index.php(17): require('C:\\xampp\\htdocs...')
#26 {main}
  thrown in C:\xampp\htdocs\MyProject\wp-content\themes\wplms-child\functions.php on line 661

2024-01-09T08:22:15+00:00 CRITICAL Uncaught TypeError: Unsupported operand types: int + string in C:\xampp\htdocs\MyProject\wp-content\themes\wplms-child\functions.php:661
Stack trace:
#0 C:\xampp\htdocs\MyProject\wp-includes\class-wp-hook.php(310): {closure}(0)
#1 C:\xampp\htdocs\MyProject\wp-includes\plugin.php(205): WP_Hook->apply_filters(0, Array)
#2 C:\xampp\htdocs\MyProject\wp-content\plugins\vibe-course-module\includes\bp-course-template.php(779): apply_filters('bp_course_singl...', 0, Object(WP_Post))
#3 C:\xampp\htdocs\MyProject\wp-content\themes\wplms-child\course\course-loop.php(54): bp_course_item_view()
#4 C:\xampp\htdocs\MyProject\wp-includes\template.php(783): require_once('C:\\xampp\\htdocs...')
#5 C:\xampp\htdocs\MyProject\wp-includes\template.php(718): load_template('C:\\xampp\\htdocs...', true, Array)
#6 C:\xampp\htdocs\MyProject\wp-content\themes\wplms-child\templates\directory\course\indexd2.php(976): locate_template(Array, true)
#7 C:\xampp\htdocs\MyProject\wp-content\themes\wplms\includes\init.php(1026): include_once('C:\\xampp\\htdocs...')
#8 C:\xampp\htdocs\MyProject\wp-content\themes\wplms\course\index.php(19): vibe_include_template('directory/cours...')
#9 C:\xampp\htdocs\MyProject\wp-includes\template.php(783): require_once('C:\\xampp\\htdocs...')
#10 C:\xampp\htdocs\MyProject\wp-content\plugins\buddypress\bp-core\bp-core-catchuri.php(493): load_template('C:\\xampp\\htdocs...')
#11 C:\xampp\htdocs\MyProject\wp-content\plugins\vibe-course-module\includes\bp-course-screens.php(29): bp_core_load_template('course/index')
#12 C:\xampp\htdocs\MyProject\wp-includes\class-wp-hook.php(308): bp_course_directory_setup('')
#13 C:\xampp\htdocs\MyProject\wp-includes\class-wp-hook.php(332): WP_Hook->apply_filters(NULL, Array)
#14 C:\xampp\htdocs\MyProject\wp-includes\plugin.php(517): WP_Hook->do_action(Array)
#15 C:\xampp\htdocs\MyProject\wp-content\plugins\buddypress\bp-core\bp-core-dependency.php(359): do_action('bp_screens')
#16 C:\xampp\htdocs\MyProject\wp-includes\class-wp-hook.php(308): bp_screens('')
#17 C:\xampp\htdocs\MyProject\wp-includes\class-wp-hook.php(332): WP_Hook->apply_filters(NULL, Array)
#18 C:\xampp\htdocs\MyProject\wp-includes\plugin.php(517): WP_Hook->do_action(Array)
#19 C:\xampp\htdocs\MyProject\wp-content\plugins\buddypress\bp-core\bp-core-dependency.php(416): do_action('bp_template_red...')
#20 C:\xampp\htdocs\MyProject\wp-includes\class-wp-hook.php(308): bp_template_redirect('')
#21 C:\xampp\htdocs\MyProject\wp-includes\class-wp-hook.php(332): WP_Hook->apply_filters(NULL, Array)
#22 C:\xampp\htdocs\MyProject\wp-includes\plugin.php(517): WP_Hook->do_action(Array)
#23 C:\xampp\htdocs\MyProject\wp-includes\template-loader.php(13): do_action('template_redire...')
#24 C:\xampp\htdocs\MyProject\wp-blog-header.php(19): require_once('C:\\xampp\\htdocs...')
#25 C:\xampp\htdocs\MyProject\index.php(17): require('C:\\xampp\\htdocs...')
#26 {main}
  thrown in C:\xampp\htdocs\MyProject\wp-content\themes\wplms-child\functions.php on line 661

2024-01-09T08:22:27+00:00 CRITICAL Uncaught TypeError: Unsupported operand types: int + string in C:\xampp\htdocs\MyProject\wp-content\themes\wplms-child\functions.php:661
Stack trace:
#0 C:\xampp\htdocs\MyProject\wp-includes\class-wp-hook.php(310): {closure}(0)
#1 C:\xampp\htdocs\MyProject\wp-includes\plugin.php(205): WP_Hook->apply_filters(0, Array)
#2 C:\xampp\htdocs\MyProject\wp-content\plugins\vibe-course-module\includes\bp-course-template.php(779): apply_filters('bp_course_singl...', 0, Object(WP_Post))
#3 C:\xampp\htdocs\MyProject\wp-content\themes\wplms-child\course\course-loop.php(54): bp_course_item_view()
#4 C:\xampp\htdocs\MyProject\wp-includes\template.php(783): require_once('C:\\xampp\\htdocs...')
#5 C:\xampp\htdocs\MyProject\wp-includes\template.php(718): load_template('C:\\xampp\\htdocs...', true, Array)
#6 C:\xampp\htdocs\MyProject\wp-content\themes\wplms-child\templates\directory\course\indexd3.php(773): locate_template(Array, true)
#7 C:\xampp\htdocs\MyProject\wp-content\themes\wplms\includes\init.php(1026): include_once('C:\\xampp\\htdocs...')
#8 C:\xampp\htdocs\MyProject\wp-content\themes\wplms\course\index.php(19): vibe_include_template('/MyProject')
#9 C:\xampp\htdocs\MyProject\wp-includes\template.php(783): require_once('C:\\xampp\\htdocs...')
#10 C:\xampp\htdocs\MyProject\wp-content\plugins\buddypress\bp-core\bp-core-catchuri.php(493): load_template('C:\\xampp\\htdocs...')
#11 C:\xampp\htdocs\MyProject\wp-content\plugins\vibe-course-module\includes\bp-course-screens.php(29): bp_core_load_template('course/index')
#12 C:\xampp\htdocs\MyProject\wp-includes\class-wp-hook.php(308): bp_course_directory_setup('')
#13 C:\xampp\htdocs\MyProject\wp-includes\class-wp-hook.php(332): WP_Hook->apply_filters(NULL, Array)
#14 C:\xampp\htdocs\MyProject\wp-includes\plugin.php(517): WP_Hook->do_action(Array)
#15 C:\xampp\htdocs\MyProject\wp-content\plugins\buddypress\bp-core\bp-core-dependency.php(359): do_action('bp_screens')
#16 C:\xampp\htdocs\MyProject\wp-includes\class-wp-hook.php(308): bp_screens('')
#17 C:\xampp\htdocs\MyProject\wp-includes\class-wp-hook.php(332): WP_Hook->apply_filters(NULL, Array)
#18 C:\xampp\htdocs\MyProject\wp-includes\plugin.php(517): WP_Hook->do_action(Array)
#19 C:\xampp\htdocs\MyProject\wp-content\plugins\buddypress\bp-core\bp-core-dependency.php(416): do_action('bp_template_red...')
#20 C:\xampp\htdocs\MyProject\wp-includes\class-wp-hook.php(308): bp_template_redirect('')
#21 C:\xampp\htdocs\MyProject\wp-includes\class-wp-hook.php(332): WP_Hook->apply_filters(NULL, Array)
#22 C:\xampp\htdocs\MyProject\wp-includes\plugin.php(517): WP_Hook->do_action(Array)
#23 C:\xampp\htdocs\MyProject\wp-includes\template-loader.php(13): do_action('template_redire...')
#24 C:\xampp\htdocs\MyProject\wp-blog-header.php(19): require_once('C:\\xampp\\htdocs...')
#25 C:\xampp\htdocs\MyProject\index.php(17): require('C:\\xampp\\htdocs...')
#26 {main}
  thrown in C:\xampp\htdocs\MyProject\wp-content\themes\wplms-child\functions.php on line 661

2024-01-09T08:23:13+00:00 CRITICAL Uncaught TypeError: Unsupported operand types: int + string in C:\xampp\htdocs\MyProject\wp-content\themes\wplms-child\functions.php:661
Stack trace:
#0 C:\xampp\htdocs\MyProject\wp-includes\class-wp-hook.php(310): {closure}(0)
#1 C:\xampp\htdocs\MyProject\wp-includes\plugin.php(205): WP_Hook->apply_filters(0, Array)
#2 C:\xampp\htdocs\MyProject\wp-content\plugins\vibe-course-module\includes\bp-course-template.php(779): apply_filters('bp_course_singl...', 0, Object(WP_Post))
#3 C:\xampp\htdocs\MyProject\wp-content\themes\wplms-child\course\course-loop.php(54): bp_course_item_view()
#4 C:\xampp\htdocs\MyProject\wp-includes\template.php(783): require_once('C:\\xampp\\htdocs...')
#5 C:\xampp\htdocs\MyProject\wp-includes\template.php(718): load_template('C:\\xampp\\htdocs...', true, Array)
#6 C:\xampp\htdocs\MyProject\wp-content\themes\wplms-child\templates\directory\course\indexd3.php(773): locate_template(Array, true)
#7 C:\xampp\htdocs\MyProject\wp-content\themes\wplms\includes\init.php(1026): include_once('C:\\xampp\\htdocs...')
#8 C:\xampp\htdocs\MyProject\wp-content\themes\wplms\course\index.php(19): vibe_include_template('/MyProject')
#9 C:\xampp\htdocs\MyProject\wp-includes\template.php(783): require_once('C:\\xampp\\htdocs...')
#10 C:\xampp\htdocs\MyProject\wp-content\plugins\buddypress\bp-core\bp-core-catchuri.php(493): load_template('C:\\xampp\\htdocs...')
#11 C:\xampp\htdocs\MyProject\wp-content\plugins\vibe-course-module\includes\bp-course-screens.php(29): bp_core_load_template('course/index')
#12 C:\xampp\htdocs\MyProject\wp-includes\class-wp-hook.php(308): bp_course_directory_setup('')
#13 C:\xampp\htdocs\MyProject\wp-includes\class-wp-hook.php(332): WP_Hook->apply_filters(NULL, Array)
#14 C:\xampp\htdocs\MyProject\wp-includes\plugin.php(517): WP_Hook->do_action(Array)
#15 C:\xampp\htdocs\MyProject\wp-content\plugins\buddypress\bp-core\bp-core-dependency.php(359): do_action('bp_screens')
#16 C:\xampp\htdocs\MyProject\wp-includes\class-wp-hook.php(308): bp_screens('')
#17 C:\xampp\htdocs\MyProject\wp-includes\class-wp-hook.php(332): WP_Hook->apply_filters(NULL, Array)
#18 C:\xampp\htdocs\MyProject\wp-includes\plugin.php(517): WP_Hook->do_action(Array)
#19 C:\xampp\htdocs\MyProject\wp-content\plugins\buddypress\bp-core\bp-core-dependency.php(416): do_action('bp_template_red...')
#20 C:\xampp\htdocs\MyProject\wp-includes\class-wp-hook.php(308): bp_template_redirect('')
#21 C:\xampp\htdocs\MyProject\wp-includes\class-wp-hook.php(332): WP_Hook->apply_filters(NULL, Array)
#22 C:\xampp\htdocs\MyProject\wp-includes\plugin.php(517): WP_Hook->do_action(Array)
#23 C:\xampp\htdocs\MyProject\wp-includes\template-loader.php(13): do_action('template_redire...')
#24 C:\xampp\htdocs\MyProject\wp-blog-header.php(19): require_once('C:\\xampp\\htdocs...')
#25 C:\xampp\htdocs\MyProject\index.php(17): require('C:\\xampp\\htdocs...')
#26 {main}
  thrown in C:\xampp\htdocs\MyProject\wp-content\themes\wplms-child\functions.php on line 661

2024-01-09T08:23:34+00:00 CRITICAL Uncaught TypeError: Unsupported operand types: string * int in C:\xampp\htdocs\MyProject\wp-content\plugins\wplms-assignments\includes\class.assignment-process.php:206
Stack trace:
#0 C:\xampp\htdocs\MyProject\wp-includes\class-wp-hook.php(308): WPLMS_Assignments_Process->show_assignment_in_curriculum(Array, 78)
#1 C:\xampp\htdocs\MyProject\wp-includes\class-wp-hook.php(332): WP_Hook->apply_filters('', Array)
#2 C:\xampp\htdocs\MyProject\wp-includes\plugin.php(517): WP_Hook->do_action(Array)
#3 C:\xampp\htdocs\MyProject\wp-content\themes\wplms\course\single\curriculum.php(72): do_action('wplms_curriculu...', Array, 78)
#4 C:\xampp\htdocs\MyProject\wp-content\plugins\vibe-customtypes\includes\tips.php(2382): include('C:\\xampp\\htdocs...')
#5 C:\xampp\htdocs\MyProject\wp-includes\class-wp-hook.php(308): WPLMS_tips->course_curriculum_below_description('')
#6 C:\xampp\htdocs\MyProject\wp-includes\class-wp-hook.php(332): WP_Hook->apply_filters('', Array)
#7 C:\xampp\htdocs\MyProject\wp-includes\plugin.php(517): WP_Hook->do_action(Array)
#8 C:\xampp\htdocs\MyProject\wp-content\themes\wplms\course\single\front.php(85): do_action('wplms_after_cou...')
#9 C:\xampp\htdocs\MyProject\wp-includes\template.php(783): require_once('C:\\xampp\\htdocs...')
#10 C:\xampp\htdocs\MyProject\wp-content\themes\wplms\includes\init.php(1018): load_template('C:\\xampp\\htdocs...', true)
#11 C:\xampp\htdocs\MyProject\wp-content\themes\wplms\course\single\home.php(104): vibe_include_template('course/front.ph...', 'course/single/f...')
#12 C:\xampp\htdocs\MyProject\wp-includes\template.php(785): require('C:\\xampp\\htdocs...')
#13 C:\xampp\htdocs\MyProject\wp-content\plugins\buddypress\bp-core\bp-core-template-loader.php(155): load_template('C:\\xampp\\htdocs...', false)
#14 C:\xampp\htdocs\MyProject\wp-content\plugins\buddypress\bp-core\bp-core-template-loader.php(61): bp_locate_template(Array, true, false)
#15 C:\xampp\htdocs\MyProject\wp-content\plugins\vibe-customtypes\includes\permalinks.php(508): bp_get_template_part('course/single/h...')
#16 C:\xampp\htdocs\MyProject\wp-includes\class-wp-hook.php(308): Vibe_CustomTypes_Permalinks->catch_vars('')
#17 C:\xampp\htdocs\MyProject\wp-includes\class-wp-hook.php(332): WP_Hook->apply_filters(NULL, Array)
#18 C:\xampp\htdocs\MyProject\wp-includes\plugin.php(517): WP_Hook->do_action(Array)
#19 C:\xampp\htdocs\MyProject\wp-includes\template-loader.php(13): do_action('template_redire...')
#20 C:\xampp\htdocs\MyProject\wp-blog-header.php(19): require_once('C:\\xampp\\htdocs...')
#21 C:\xampp\htdocs\MyProject\index.php(17): require('C:\\xampp\\htdocs...')
#22 {main}
  thrown in C:\xampp\htdocs\MyProject\wp-content\plugins\wplms-assignments\includes\class.assignment-process.php on line 206

2024-01-09T08:27:20+00:00 CRITICAL Uncaught TypeError: Unsupported operand types: string * int in C:\xampp\htdocs\MyProject\wp-content\plugins\wplms-assignments\includes\class.assignment-process.php:206
Stack trace:
#0 C:\xampp\htdocs\MyProject\wp-includes\class-wp-hook.php(308): WPLMS_Assignments_Process->show_assignment_in_curriculum(Array, 78)
#1 C:\xampp\htdocs\MyProject\wp-includes\class-wp-hook.php(332): WP_Hook->apply_filters('', Array)
#2 C:\xampp\htdocs\MyProject\wp-includes\plugin.php(517): WP_Hook->do_action(Array)
#3 C:\xampp\htdocs\MyProject\wp-content\themes\wplms\course\single\curriculum.php(72): do_action('wplms_curriculu...', Array, 78)
#4 C:\xampp\htdocs\MyProject\wp-content\plugins\vibe-customtypes\includes\tips.php(2382): include('C:\\xampp\\htdocs...')
#5 C:\xampp\htdocs\MyProject\wp-includes\class-wp-hook.php(308): WPLMS_tips->course_curriculum_below_description('')
#6 C:\xampp\htdocs\MyProject\wp-includes\class-wp-hook.php(332): WP_Hook->apply_filters('', Array)
#7 C:\xampp\htdocs\MyProject\wp-includes\plugin.php(517): WP_Hook->do_action(Array)
#8 C:\xampp\htdocs\MyProject\wp-content\themes\wplms\course\single\front.php(85): do_action('wplms_after_cou...')
#9 C:\xampp\htdocs\MyProject\wp-includes\template.php(783): require_once('C:\\xampp\\htdocs...')
#10 C:\xampp\htdocs\MyProject\wp-content\themes\wplms\includes\init.php(1018): load_template('C:\\xampp\\htdocs...', true)
#11 C:\xampp\htdocs\MyProject\wp-content\themes\wplms\course\single\home.php(104): vibe_include_template('course/front.ph...', 'course/single/f...')
#12 C:\xampp\htdocs\MyProject\wp-includes\template.php(785): require('C:\\xampp\\htdocs...')
#13 C:\xampp\htdocs\MyProject\wp-content\plugins\buddypress\bp-core\bp-core-template-loader.php(155): load_template('C:\\xampp\\htdocs...', false)
#14 C:\xampp\htdocs\MyProject\wp-content\plugins\buddypress\bp-core\bp-core-template-loader.php(61): bp_locate_template(Array, true, false)
#15 C:\xampp\htdocs\MyProject\wp-content\plugins\vibe-customtypes\includes\permalinks.php(508): bp_get_template_part('course/single/h...')
#16 C:\xampp\htdocs\MyProject\wp-includes\class-wp-hook.php(308): Vibe_CustomTypes_Permalinks->catch_vars('')
#17 C:\xampp\htdocs\MyProject\wp-includes\class-wp-hook.php(332): WP_Hook->apply_filters(NULL, Array)
#18 C:\xampp\htdocs\MyProject\wp-includes\plugin.php(517): WP_Hook->do_action(Array)
#19 C:\xampp\htdocs\MyProject\wp-includes\template-loader.php(13): do_action('template_redire...')
#20 C:\xampp\htdocs\MyProject\wp-blog-header.php(19): require_once('C:\\xampp\\htdocs...')
#21 C:\xampp\htdocs\MyProject\index.php(17): require('C:\\xampp\\htdocs...')
#22 {main}
  thrown in C:\xampp\htdocs\MyProject\wp-content\plugins\wplms-assignments\includes\class.assignment-process.php on line 206

2024-01-09T08:28:06+00:00 CRITICAL Uncaught TypeError: Unsupported operand types: string * int in C:\xampp\htdocs\MyProject\wp-content\plugins\wplms-assignments\includes\class.assignment-process.php:206
Stack trace:
#0 C:\xampp\htdocs\MyProject\wp-includes\class-wp-hook.php(308): WPLMS_Assignments_Process->show_assignment_in_curriculum(Array, 78)
#1 C:\xampp\htdocs\MyProject\wp-includes\class-wp-hook.php(332): WP_Hook->apply_filters('', Array)
#2 C:\xampp\htdocs\MyProject\wp-includes\plugin.php(517): WP_Hook->do_action(Array)
#3 C:\xampp\htdocs\MyProject\wp-content\themes\wplms\course\single\curriculum.php(72): do_action('wplms_curriculu...', Array, 78)
#4 C:\xampp\htdocs\MyProject\wp-content\plugins\vibe-customtypes\includes\tips.php(2382): include('C:\\xampp\\htdocs...')
#5 C:\xampp\htdocs\MyProject\wp-includes\class-wp-hook.php(308): WPLMS_tips->course_curriculum_below_description('')
#6 C:\xampp\htdocs\MyProject\wp-includes\class-wp-hook.php(332): WP_Hook->apply_filters('', Array)
#7 C:\xampp\htdocs\MyProject\wp-includes\plugin.php(517): WP_Hook->do_action(Array)
#8 C:\xampp\htdocs\MyProject\wp-content\themes\wplms\course\single\front.php(85): do_action('wplms_after_cou...')
#9 C:\xampp\htdocs\MyProject\wp-includes\template.php(783): require_once('C:\\xampp\\htdocs...')
#10 C:\xampp\htdocs\MyProject\wp-content\themes\wplms\includes\init.php(1018): load_template('C:\\xampp\\htdocs...', true)
#11 C:\xampp\htdocs\MyProject\wp-content\themes\wplms\course\single\home.php(104): vibe_include_template('course/front.ph...', 'course/single/f...')
#12 C:\xampp\htdocs\MyProject\wp-includes\template.php(785): require('C:\\xampp\\htdocs...')
#13 C:\xampp\htdocs\MyProject\wp-content\plugins\buddypress\bp-core\bp-core-template-loader.php(155): load_template('C:\\xampp\\htdocs...', false)
#14 C:\xampp\htdocs\MyProject\wp-content\plugins\buddypress\bp-core\bp-core-template-loader.php(61): bp_locate_template(Array, true, false)
#15 C:\xampp\htdocs\MyProject\wp-content\plugins\vibe-customtypes\includes\permalinks.php(508): bp_get_template_part('course/single/h...')
#16 C:\xampp\htdocs\MyProject\wp-includes\class-wp-hook.php(308): Vibe_CustomTypes_Permalinks->catch_vars('')
#17 C:\xampp\htdocs\MyProject\wp-includes\class-wp-hook.php(332): WP_Hook->apply_filters(NULL, Array)
#18 C:\xampp\htdocs\MyProject\wp-includes\plugin.php(517): WP_Hook->do_action(Array)
#19 C:\xampp\htdocs\MyProject\wp-includes\template-loader.php(13): do_action('template_redire...')
#20 C:\xampp\htdocs\MyProject\wp-blog-header.php(19): require_once('C:\\xampp\\htdocs...')
#21 C:\xampp\htdocs\MyProject\index.php(17): require('C:\\xampp\\htdocs...')
#22 {main}
  thrown in C:\xampp\htdocs\MyProject\wp-content\plugins\wplms-assignments\includes\class.assignment-process.php on line 206

2024-01-09T08:28:54+00:00 CRITICAL Uncaught TypeError: Unsupported operand types: string * int in C:\xampp\htdocs\MyProject\wp-content\plugins\wplms-assignments\includes\class.assignment-process.php:206
Stack trace:
#0 C:\xampp\htdocs\MyProject\wp-includes\class-wp-hook.php(308): WPLMS_Assignments_Process->show_assignment_in_curriculum(Array, 78)
#1 C:\xampp\htdocs\MyProject\wp-includes\class-wp-hook.php(332): WP_Hook->apply_filters('', Array)
#2 C:\xampp\htdocs\MyProject\wp-includes\plugin.php(517): WP_Hook->do_action(Array)
#3 C:\xampp\htdocs\MyProject\wp-content\themes\wplms\course\single\curriculum.php(72): do_action('wplms_curriculu...', Array, 78)
#4 C:\xampp\htdocs\MyProject\wp-content\plugins\vibe-customtypes\includes\tips.php(2382): include('C:\\xampp\\htdocs...')
#5 C:\xampp\htdocs\MyProject\wp-includes\class-wp-hook.php(308): WPLMS_tips->course_curriculum_below_description('')
#6 C:\xampp\htdocs\MyProject\wp-includes\class-wp-hook.php(332): WP_Hook->apply_filters('', Array)
#7 C:\xampp\htdocs\MyProject\wp-includes\plugin.php(517): WP_Hook->do_action(Array)
#8 C:\xampp\htdocs\MyProject\wp-content\themes\wplms\course\single\front.php(85): do_action('wplms_after_cou...')
#9 C:\xampp\htdocs\MyProject\wp-includes\template.php(783): require_once('C:\\xampp\\htdocs...')
#10 C:\xampp\htdocs\MyProject\wp-content\themes\wplms\includes\init.php(1018): load_template('C:\\xampp\\htdocs...', true)
#11 C:\xampp\htdocs\MyProject\wp-content\themes\wplms\course\single\home.php(104): vibe_include_template('course/front.ph...', 'course/single/f...')
#12 C:\xampp\htdocs\MyProject\wp-includes\template.php(785): require('C:\\xampp\\htdocs...')
#13 C:\xampp\htdocs\MyProject\wp-content\plugins\buddypress\bp-core\bp-core-template-loader.php(155): load_template('C:\\xampp\\htdocs...', false)
#14 C:\xampp\htdocs\MyProject\wp-content\plugins\buddypress\bp-core\bp-core-template-loader.php(61): bp_locate_template(Array, true, false)
#15 C:\xampp\htdocs\MyProject\wp-content\plugins\vibe-customtypes\includes\permalinks.php(508): bp_get_template_part('course/single/h...')
#16 C:\xampp\htdocs\MyProject\wp-includes\class-wp-hook.php(308): Vibe_CustomTypes_Permalinks->catch_vars('')
#17 C:\xampp\htdocs\MyProject\wp-includes\class-wp-hook.php(332): WP_Hook->apply_filters(NULL, Array)
#18 C:\xampp\htdocs\MyProject\wp-includes\plugin.php(517): WP_Hook->do_action(Array)
#19 C:\xampp\htdocs\MyProject\wp-includes\template-loader.php(13): do_action('template_redire...')
#20 C:\xampp\htdocs\MyProject\wp-blog-header.php(19): require_once('C:\\xampp\\htdocs...')
#21 C:\xampp\htdocs\MyProject\index.php(17): require('C:\\xampp\\htdocs...')
#22 {main}
  thrown in C:\xampp\htdocs\MyProject\wp-content\plugins\wplms-assignments\includes\class.assignment-process.php on line 206

2024-01-09T08:30:11+00:00 CRITICAL Uncaught TypeError: Unsupported operand types: string * int in C:\xampp\htdocs\MyProject\wp-content\plugins\wplms-assignments\includes\class.assignment-process.php:206
Stack trace:
#0 C:\xampp\htdocs\MyProject\wp-includes\class-wp-hook.php(308): WPLMS_Assignments_Process->show_assignment_in_curriculum(Array, 78)
#1 C:\xampp\htdocs\MyProject\wp-includes\class-wp-hook.php(332): WP_Hook->apply_filters('', Array)
#2 C:\xampp\htdocs\MyProject\wp-includes\plugin.php(517): WP_Hook->do_action(Array)
#3 C:\xampp\htdocs\MyProject\wp-content\themes\wplms\course\single\curriculum.php(72): do_action('wplms_curriculu...', Array, 78)
#4 C:\xampp\htdocs\MyProject\wp-content\plugins\vibe-customtypes\includes\tips.php(2382): include('C:\\xampp\\htdocs...')
#5 C:\xampp\htdocs\MyProject\wp-includes\class-wp-hook.php(308): WPLMS_tips->course_curriculum_below_description('')
#6 C:\xampp\htdocs\MyProject\wp-includes\class-wp-hook.php(332): WP_Hook->apply_filters('', Array)
#7 C:\xampp\htdocs\MyProject\wp-includes\plugin.php(517): WP_Hook->do_action(Array)
#8 C:\xampp\htdocs\MyProject\wp-content\themes\wplms\course\single\front.php(85): do_action('wplms_after_cou...')
#9 C:\xampp\htdocs\MyProject\wp-includes\template.php(783): require_once('C:\\xampp\\htdocs...')
#10 C:\xampp\htdocs\MyProject\wp-content\themes\wplms\includes\init.php(1018): load_template('C:\\xampp\\htdocs...', true)
#11 C:\xampp\htdocs\MyProject\wp-content\themes\wplms\course\single\home.php(104): vibe_include_template('course/front.ph...', 'course/single/f...')
#12 C:\xampp\htdocs\MyProject\wp-includes\template.php(785): require('C:\\xampp\\htdocs...')
#13 C:\xampp\htdocs\MyProject\wp-content\plugins\buddypress\bp-core\bp-core-template-loader.php(155): load_template('C:\\xampp\\htdocs...', false)
#14 C:\xampp\htdocs\MyProject\wp-content\plugins\buddypress\bp-core\bp-core-template-loader.php(61): bp_locate_template(Array, true, false)
#15 C:\xampp\htdocs\MyProject\wp-content\plugins\vibe-customtypes\includes\permalinks.php(508): bp_get_template_part('course/single/h...')
#16 C:\xampp\htdocs\MyProject\wp-includes\class-wp-hook.php(308): Vibe_CustomTypes_Permalinks->catch_vars('')
#17 C:\xampp\htdocs\MyProject\wp-includes\class-wp-hook.php(332): WP_Hook->apply_filters(NULL, Array)
#18 C:\xampp\htdocs\MyProject\wp-includes\plugin.php(517): WP_Hook->do_action(Array)
#19 C:\xampp\htdocs\MyProject\wp-includes\template-loader.php(13): do_action('template_redire...')
#20 C:\xampp\htdocs\MyProject\wp-blog-header.php(19): require_once('C:\\xampp\\htdocs...')
#21 C:\xampp\htdocs\MyProject\index.php(17): require('C:\\xampp\\htdocs...')
#22 {main}
  thrown in C:\xampp\htdocs\MyProject\wp-content\plugins\wplms-assignments\includes\class.assignment-process.php on line 206

2024-01-09T08:30:46+00:00 CRITICAL Uncaught TypeError: Unsupported operand types: string * int in C:\xampp\htdocs\MyProject\wp-content\plugins\wplms-assignments\includes\class.assignment-process.php:206
Stack trace:
#0 C:\xampp\htdocs\MyProject\wp-includes\class-wp-hook.php(308): WPLMS_Assignments_Process->show_assignment_in_curriculum(Array, 78)
#1 C:\xampp\htdocs\MyProject\wp-includes\class-wp-hook.php(332): WP_Hook->apply_filters('', Array)
#2 C:\xampp\htdocs\MyProject\wp-includes\plugin.php(517): WP_Hook->do_action(Array)
#3 C:\xampp\htdocs\MyProject\wp-content\themes\wplms\course\single\curriculum.php(72): do_action('wplms_curriculu...', Array, 78)
#4 C:\xampp\htdocs\MyProject\wp-content\plugins\vibe-customtypes\includes\tips.php(2382): include('C:\\xampp\\htdocs...')
#5 C:\xampp\htdocs\MyProject\wp-includes\class-wp-hook.php(308): WPLMS_tips->course_curriculum_below_description('')
#6 C:\xampp\htdocs\MyProject\wp-includes\class-wp-hook.php(332): WP_Hook->apply_filters('', Array)
#7 C:\xampp\htdocs\MyProject\wp-includes\plugin.php(517): WP_Hook->do_action(Array)
#8 C:\xampp\htdocs\MyProject\wp-content\themes\wplms\course\single\front.php(85): do_action('wplms_after_cou...')
#9 C:\xampp\htdocs\MyProject\wp-includes\template.php(783): require_once('C:\\xampp\\htdocs...')
#10 C:\xampp\htdocs\MyProject\wp-content\themes\wplms\includes\init.php(1018): load_template('C:\\xampp\\htdocs...', true)
#11 C:\xampp\htdocs\MyProject\wp-content\themes\wplms\course\single\home.php(104): vibe_include_template('course/front.ph...', 'course/single/f...')
#12 C:\xampp\htdocs\MyProject\wp-includes\template.php(785): require('C:\\xampp\\htdocs...')
#13 C:\xampp\htdocs\MyProject\wp-content\plugins\buddypress\bp-core\bp-core-template-loader.php(155): load_template('C:\\xampp\\htdocs...', false)
#14 C:\xampp\htdocs\MyProject\wp-content\plugins\buddypress\bp-core\bp-core-template-loader.php(61): bp_locate_template(Array, true, false)
#15 C:\xampp\htdocs\MyProject\wp-content\plugins\vibe-customtypes\includes\permalinks.php(508): bp_get_template_part('course/single/h...')
#16 C:\xampp\htdocs\MyProject\wp-includes\class-wp-hook.php(308): Vibe_CustomTypes_Permalinks->catch_vars('')
#17 C:\xampp\htdocs\MyProject\wp-includes\class-wp-hook.php(332): WP_Hook->apply_filters(NULL, Array)
#18 C:\xampp\htdocs\MyProject\wp-includes\plugin.php(517): WP_Hook->do_action(Array)
#19 C:\xampp\htdocs\MyProject\wp-includes\template-loader.php(13): do_action('template_redire...')
#20 C:\xampp\htdocs\MyProject\wp-blog-header.php(19): require_once('C:\\xampp\\htdocs...')
#21 C:\xampp\htdocs\MyProject\index.php(17): require('C:\\xampp\\htdocs...')
#22 {main}
  thrown in C:\xampp\htdocs\MyProject\wp-content\plugins\wplms-assignments\includes\class.assignment-process.php on line 206

2024-01-09T08:31:13+00:00 CRITICAL Uncaught TypeError: Unsupported operand types: string * int in C:\xampp\htdocs\MyProject\wp-content\plugins\wplms-assignments\includes\class.assignment-process.php:206
Stack trace:
#0 C:\xampp\htdocs\MyProject\wp-includes\class-wp-hook.php(308): WPLMS_Assignments_Process->show_assignment_in_curriculum(Array, 78)
#1 C:\xampp\htdocs\MyProject\wp-includes\class-wp-hook.php(332): WP_Hook->apply_filters('', Array)
#2 C:\xampp\htdocs\MyProject\wp-includes\plugin.php(517): WP_Hook->do_action(Array)
#3 C:\xampp\htdocs\MyProject\wp-content\themes\wplms\course\single\curriculum.php(72): do_action('wplms_curriculu...', Array, 78)
#4 C:\xampp\htdocs\MyProject\wp-content\plugins\vibe-customtypes\includes\tips.php(2382): include('C:\\xampp\\htdocs...')
#5 C:\xampp\htdocs\MyProject\wp-includes\class-wp-hook.php(308): WPLMS_tips->course_curriculum_below_description('')
#6 C:\xampp\htdocs\MyProject\wp-includes\class-wp-hook.php(332): WP_Hook->apply_filters('', Array)
#7 C:\xampp\htdocs\MyProject\wp-includes\plugin.php(517): WP_Hook->do_action(Array)
#8 C:\xampp\htdocs\MyProject\wp-content\themes\wplms\templates\course\frontc2.php(62): do_action('wplms_after_cou...')
#9 C:\xampp\htdocs\MyProject\wp-content\themes\wplms\includes\init.php(1026): include_once('C:\\xampp\\htdocs...')
#10 C:\xampp\htdocs\MyProject\wp-content\themes\wplms\course\single\home.php(104): vibe_include_template('course/frontc2....', 'course/single/f...')
#11 C:\xampp\htdocs\MyProject\wp-includes\template.php(785): require('C:\\xampp\\htdocs...')
#12 C:\xampp\htdocs\MyProject\wp-content\plugins\buddypress\bp-core\bp-core-template-loader.php(155): load_template('C:\\xampp\\htdocs...', false)
#13 C:\xampp\htdocs\MyProject\wp-content\plugins\buddypress\bp-core\bp-core-template-loader.php(61): bp_locate_template(Array, true, false)
#14 C:\xampp\htdocs\MyProject\wp-content\plugins\vibe-customtypes\includes\permalinks.php(508): bp_get_template_part('course/single/h...')
#15 C:\xampp\htdocs\MyProject\wp-includes\class-wp-hook.php(308): Vibe_CustomTypes_Permalinks->catch_vars('')
#16 C:\xampp\htdocs\MyProject\wp-includes\class-wp-hook.php(332): WP_Hook->apply_filters(NULL, Array)
#17 C:\xampp\htdocs\MyProject\wp-includes\plugin.php(517): WP_Hook->do_action(Array)
#18 C:\xampp\htdocs\MyProject\wp-includes\template-loader.php(13): do_action('template_redire...')
#19 C:\xampp\htdocs\MyProject\wp-blog-header.php(19): require_once('C:\\xampp\\htdocs...')
#20 C:\xampp\htdocs\MyProject\index.php(17): require('C:\\xampp\\htdocs...')
#21 {main}
  thrown in C:\xampp\htdocs\MyProject\wp-content\plugins\wplms-assignments\includes\class.assignment-process.php on line 206

2024-01-09T09:35:58+00:00 CRITICAL Uncaught TypeError: Unsupported operand types: int + string in C:\xampp\htdocs\MyProject\wp-content\themes\wplms-child\functions.php:661
Stack trace:
#0 C:\xampp\htdocs\MyProject\wp-includes\class-wp-hook.php(310): {closure}(0)
#1 C:\xampp\htdocs\MyProject\wp-includes\plugin.php(205): WP_Hook->apply_filters(0, Array)
#2 C:\xampp\htdocs\MyProject\wp-content\plugins\vibe-course-module\includes\bp-course-template.php(779): apply_filters('bp_course_singl...', 0, Object(WP_Post))
#3 C:\xampp\htdocs\MyProject\wp-content\themes\wplms-child\course\course-loop.php(54): bp_course_item_view()
#4 C:\xampp\htdocs\MyProject\wp-includes\template.php(783): require_once('C:\\xampp\\htdocs...')
#5 C:\xampp\htdocs\MyProject\wp-includes\template.php(718): load_template('C:\\xampp\\htdocs...', true, Array)
#6 C:\xampp\htdocs\MyProject\wp-content\themes\wplms\templates\directory\course\indexd4.php(76): locate_template(Array, true)
#7 C:\xampp\htdocs\MyProject\wp-content\themes\wplms\includes\init.php(1026): include_once('C:\\xampp\\htdocs...')
#8 C:\xampp\htdocs\MyProject\wp-content\themes\wplms\course\index.php(19): vibe_include_template('directory/cours...')
#9 C:\xampp\htdocs\MyProject\wp-includes\template.php(783): require_once('C:\\xampp\\htdocs...')
#10 C:\xampp\htdocs\MyProject\wp-content\plugins\buddypress\bp-core\bp-core-catchuri.php(493): load_template('C:\\xampp\\htdocs...')
#11 C:\xampp\htdocs\MyProject\wp-content\plugins\vibe-course-module\includes\bp-course-screens.php(29): bp_core_load_template('course/index')
#12 C:\xampp\htdocs\MyProject\wp-includes\class-wp-hook.php(308): bp_course_directory_setup('')
#13 C:\xampp\htdocs\MyProject\wp-includes\class-wp-hook.php(332): WP_Hook->apply_filters(NULL, Array)
#14 C:\xampp\htdocs\MyProject\wp-includes\plugin.php(517): WP_Hook->do_action(Array)
#15 C:\xampp\htdocs\MyProject\wp-content\plugins\buddypress\bp-core\bp-core-dependency.php(359): do_action('bp_screens')
#16 C:\xampp\htdocs\MyProject\wp-includes\class-wp-hook.php(308): bp_screens('')
#17 C:\xampp\htdocs\MyProject\wp-includes\class-wp-hook.php(332): WP_Hook->apply_filters(NULL, Array)
#18 C:\xampp\htdocs\MyProject\wp-includes\plugin.php(517): WP_Hook->do_action(Array)
#19 C:\xampp\htdocs\MyProject\wp-content\plugins\buddypress\bp-core\bp-core-dependency.php(416): do_action('bp_template_red...')
#20 C:\xampp\htdocs\MyProject\wp-includes\class-wp-hook.php(308): bp_template_redirect('')
#21 C:\xampp\htdocs\MyProject\wp-includes\class-wp-hook.php(332): WP_Hook->apply_filters(NULL, Array)
#22 C:\xampp\htdocs\MyProject\wp-includes\plugin.php(517): WP_Hook->do_action(Array)
#23 C:\xampp\htdocs\MyProject\wp-includes\template-loader.php(13): do_action('template_redire...')
#24 C:\xampp\htdocs\MyProject\wp-blog-header.php(19): require_once('C:\\xampp\\htdocs...')
#25 C:\xampp\htdocs\MyProject\index.php(17): require('C:\\xampp\\htdocs...')
#26 {main}
  thrown in C:\xampp\htdocs\MyProject\wp-content\themes\wplms-child\functions.php on line 661

2024-01-09T09:36:49+00:00 CRITICAL Uncaught Error: Call to undefined function bp_course_get_user_completed_courses() in C:\xampp\htdocs\MyProject\wp-content\themes\wplms-child\pdf-generator.php:37
Stack trace:
#0 C:\xampp\htdocs\MyProject\wp-includes\template-loader.php(106): include()
#1 C:\xampp\htdocs\MyProject\wp-blog-header.php(19): require_once('C:\\xampp\\htdocs...')
#2 C:\xampp\htdocs\MyProject\index.php(17): require('C:\\xampp\\htdocs...')
#3 {main}
  thrown in C:\xampp\htdocs\MyProject\wp-content\themes\wplms-child\pdf-generator.php on line 37

2024-01-09T09:37:01+00:00 CRITICAL Uncaught Error: Call to undefined function bp_course_get_user_completed_courses() in C:\xampp\htdocs\MyProject\wp-content\themes\wplms-child\pdf-generator.php:37
Stack trace:
#0 C:\xampp\htdocs\MyProject\wp-includes\template-loader.php(106): include()
#1 C:\xampp\htdocs\MyProject\wp-blog-header.php(19): require_once('C:\\xampp\\htdocs...')
#2 C:\xampp\htdocs\MyProject\index.php(17): require('C:\\xampp\\htdocs...')
#3 {main}
  thrown in C:\xampp\htdocs\MyProject\wp-content\themes\wplms-child\pdf-generator.php on line 37

