2024-01-03T06:30:21+00:00 CRITICAL syntax error, unexpected token ";", expecting "function" or "const" in C:\xampp\htdocs\MyProject\wp-content\plugins\vibe-course-module\includes\bp-course-actions.php on line 1100

2024-01-03T06:30:23+00:00 CRITICAL syntax error, unexpected token ";", expecting "function" or "const" in C:\xampp\htdocs\MyProject\wp-content\plugins\vibe-course-module\includes\bp-course-actions.php on line 1100

2024-01-03T06:30:26+00:00 CRITICAL syntax error, unexpected token ";", expecting "function" or "const" in C:\xampp\htdocs\MyProject\wp-content\plugins\vibe-course-module\includes\bp-course-actions.php on line 1100

2024-01-03T06:30:29+00:00 CRITICAL syntax error, unexpected token ";", expecting "function" or "const" in C:\xampp\htdocs\MyProject\wp-content\plugins\vibe-course-module\includes\bp-course-actions.php on line 1100

2024-01-03T06:30:30+00:00 CRITICAL syntax error, unexpected token ";", expecting "function" or "const" in C:\xampp\htdocs\MyProject\wp-content\plugins\vibe-course-module\includes\bp-course-actions.php on line 1100

2024-01-03T06:30:31+00:00 CRITICAL syntax error, unexpected token ";", expecting "function" or "const" in C:\xampp\htdocs\MyProject\wp-content\plugins\vibe-course-module\includes\bp-course-actions.php on line 1100

2024-01-03T06:30:54+00:00 CRITICAL syntax error, unexpected token ";", expecting "function" or "const" in C:\xampp\htdocs\MyProject\wp-content\plugins\vibe-course-module\includes\bp-course-actions.php on line 1100

2024-01-03T06:31:38+00:00 CRITICAL syntax error, unexpected token ";", expecting "function" or "const" in C:\xampp\htdocs\MyProject\wp-content\plugins\vibe-course-module\includes\bp-course-actions.php on line 1100

2024-01-03T06:31:40+00:00 CRITICAL syntax error, unexpected token ";", expecting "function" or "const" in C:\xampp\htdocs\MyProject\wp-content\plugins\vibe-course-module\includes\bp-course-actions.php on line 1100

2024-01-03T11:43:48+00:00 CRITICAL Uncaught TypeError: count(): Argument #1 ($value) must be of type Countable|array, string given in C:\xampp\htdocs\MyProject\wp-content\plugins\vibe-course-module\includes\bp-course-actions.php:1382
Stack trace:
#0 C:\xampp\htdocs\MyProject\wp-includes\class-wp-hook.php(310): BP_Course_Action->bp_course_enable_access(640)
#1 C:\xampp\htdocs\MyProject\wp-includes\class-wp-hook.php(332): WP_Hook->apply_filters(NULL, Array)
#2 C:\xampp\htdocs\MyProject\wp-includes\plugin.php(517): WP_Hook->do_action(Array)
#3 C:\xampp\htdocs\MyProject\wp-content\plugins\woocommerce\includes\class-wc-order.php(363): do_action('woocommerce_ord...', 640, Object(Automattic\WooCommerce\Admin\Overrides\Order))
#4 C:\xampp\htdocs\MyProject\wp-content\plugins\woocommerce\includes\class-wc-order.php(221): WC_Order->status_transition()
#5 C:\xampp\htdocs\MyProject\wp-content\plugins\woocommerce\includes\class-wc-order.php(119): WC_Order->save()
#6 C:\xampp\htdocs\MyProject\wp-content\plugins\woocommerce\includes\class-wc-checkout.php(961): WC_Order->payment_complete()
#7 C:\xampp\htdocs\MyProject\wp-content\plugins\woocommerce\includes\class-wc-checkout.php(1143): WC_Checkout->process_order_without_payment(640)
#8 C:\xampp\htdocs\MyProject\wp-content\plugins\woocommerce\includes\class-wc-ajax.php(464): WC_Checkout->process_checkout()
#9 C:\xampp\htdocs\MyProject\wp-includes\class-wp-hook.php(308): WC_AJAX::checkout('')
#10 C:\xampp\htdocs\MyProject\wp-includes\class-wp-hook.php(332): WP_Hook->apply_filters('', Array)
#11 C:\xampp\htdocs\MyProject\wp-includes\plugin.php(517): WP_Hook->do_action(Array)
#12 C:\xampp\htdocs\MyProject\wp-content\plugins\woocommerce\includes\class-wc-ajax.php(89): do_action('wc_ajax_checkou...')
#13 C:\xampp\htdocs\MyProject\wp-includes\class-wp-hook.php(308): WC_AJAX::do_wc_ajax('')
#14 C:\xampp\htdocs\MyProject\wp-includes\class-wp-hook.php(332): WP_Hook->apply_filters(false, Array)
#15 C:\xampp\htdocs\MyProject\wp-includes\plugin.php(517): WP_Hook->do_action(Array)
#16 C:\xampp\htdocs\MyProject\wp-includes\template-loader.php(13): do_action('template_redire...')
#17 C:\xampp\htdocs\MyProject\wp-blog-header.php(19): require_once('C:\\xampp\\htdocs...')
#18 C:\xampp\htdocs\MyProject\index.php(17): require('C:\\xampp\\htdocs...')
#19 {main}
  thrown in C:\xampp\htdocs\MyProject\wp-content\plugins\vibe-course-module\includes\bp-course-actions.php on line 1382

2024-01-03T11:50:06+00:00 CRITICAL Uncaught TypeError: in_array(): Argument #2 ($haystack) must be of type array, bool given in C:\xampp\htdocs\MyProject\wp-content\themes\wplms-child\pdf-generator.php:16
Stack trace:
#0 C:\xampp\htdocs\MyProject\wp-content\themes\wplms-child\pdf-generator.php(16): in_array(76, false)
#1 C:\xampp\htdocs\MyProject\wp-includes\template-loader.php(106): include('C:\\xampp\\htdocs...')
#2 C:\xampp\htdocs\MyProject\wp-blog-header.php(19): require_once('C:\\xampp\\htdocs...')
#3 C:\xampp\htdocs\MyProject\index.php(17): require('C:\\xampp\\htdocs...')
#4 {main}
  thrown in C:\xampp\htdocs\MyProject\wp-content\themes\wplms-child\pdf-generator.php on line 16

2024-01-03T11:50:39+00:00 CRITICAL Uncaught TypeError: in_array(): Argument #2 ($haystack) must be of type array, string given in C:\xampp\htdocs\MyProject\wp-content\themes\wplms-child\pdf-generator.php:16
Stack trace:
#0 C:\xampp\htdocs\MyProject\wp-content\themes\wplms-child\pdf-generator.php(16): in_array(76, '')
#1 C:\xampp\htdocs\MyProject\wp-includes\template-loader.php(106): include('C:\\xampp\\htdocs...')
#2 C:\xampp\htdocs\MyProject\wp-blog-header.php(19): require_once('C:\\xampp\\htdocs...')
#3 C:\xampp\htdocs\MyProject\index.php(17): require('C:\\xampp\\htdocs...')
#4 {main}
  thrown in C:\xampp\htdocs\MyProject\wp-content\themes\wplms-child\pdf-generator.php on line 16

2024-01-03T11:50:47+00:00 CRITICAL Uncaught TypeError: in_array(): Argument #2 ($haystack) must be of type array, string given in C:\xampp\htdocs\MyProject\wp-content\themes\wplms-child\pdf-generator.php:16
Stack trace:
#0 C:\xampp\htdocs\MyProject\wp-content\themes\wplms-child\pdf-generator.php(16): in_array(76, '')
#1 C:\xampp\htdocs\MyProject\wp-includes\template-loader.php(106): include('C:\\xampp\\htdocs...')
#2 C:\xampp\htdocs\MyProject\wp-blog-header.php(19): require_once('C:\\xampp\\htdocs...')
#3 C:\xampp\htdocs\MyProject\index.php(17): require('C:\\xampp\\htdocs...')
#4 {main}
  thrown in C:\xampp\htdocs\MyProject\wp-content\themes\wplms-child\pdf-generator.php on line 16

2024-01-03T11:53:27+00:00 CRITICAL Uncaught TypeError: in_array(): Argument #2 ($haystack) must be of type array, string given in C:\xampp\htdocs\MyProject\wp-content\themes\wplms-child\pdf-generator.php:16
Stack trace:
#0 C:\xampp\htdocs\MyProject\wp-content\themes\wplms-child\pdf-generator.php(16): in_array('75', '')
#1 C:\xampp\htdocs\MyProject\wp-includes\template-loader.php(106): include('C:\\xampp\\htdocs...')
#2 C:\xampp\htdocs\MyProject\wp-blog-header.php(19): require_once('C:\\xampp\\htdocs...')
#3 C:\xampp\htdocs\MyProject\index.php(17): require('C:\\xampp\\htdocs...')
#4 {main}
  thrown in C:\xampp\htdocs\MyProject\wp-content\themes\wplms-child\pdf-generator.php on line 16

