2023-03-23T05:03:54+00:00 CRITICAL Uncaught TypeError: count(): Argument #1 ($value) must be of type Countable|array, string given in C:\xampp\htdocs\MyProject\wp-content\plugins\vibe-course-module\includes\bp-course-actions.php:1431
Stack trace:
#0 C:\xampp\htdocs\MyProject\wp-includes\class-wp-hook.php(310): BP_Course_Action->bp_course_enable_access(558)
#1 C:\xampp\htdocs\MyProject\wp-includes\class-wp-hook.php(332): WP_Hook->apply_filters(NULL, Array)
#2 C:\xampp\htdocs\MyProject\wp-includes\plugin.php(517): WP_Hook->do_action(Array)
#3 C:\xampp\htdocs\MyProject\wp-content\plugins\woocommerce\includes\class-wc-order.php(363): do_action('woocommerce_ord...', 558, Object(Automattic\WooCommerce\Admin\Overrides\Order))
#4 C:\xampp\htdocs\MyProject\wp-content\plugins\woocommerce\includes\class-wc-order.php(221): WC_Order->status_transition()
#5 C:\xampp\htdocs\MyProject\wp-content\plugins\woocommerce\includes\class-wc-order.php(119): WC_Order->save()
#6 C:\xampp\htdocs\MyProject\wp-content\plugins\woocommerce\includes\class-wc-checkout.php(961): WC_Order->payment_complete()
#7 C:\xampp\htdocs\MyProject\wp-content\plugins\woocommerce\includes\class-wc-checkout.php(1143): WC_Checkout->process_order_without_payment(558)
#8 C:\xampp\htdocs\MyProject\wp-content\plugins\woocommerce\includes\class-wc-ajax.php(464): WC_Checkout->process_checkout()
#9 C:\xampp\htdocs\MyProject\wp-includes\class-wp-hook.php(308): WC_AJAX::checkout('')
#10 C:\xampp\htdocs\MyProject\wp-includes\class-wp-hook.php(332): WP_Hook->apply_filters('', Array)
#11 C:\xampp\htdocs\MyProject\wp-includes\plugin.php(517): WP_Hook->do_action(Array)
#12 C:\xampp\htdocs\MyProject\wp-content\plugins\woocommerce\includes\class-wc-ajax.php(89): do_action('wc_ajax_checkou...')
#13 C:\xampp\htdocs\MyProject\wp-includes\class-wp-hook.php(308): WC_AJAX::do_wc_ajax('')
#14 C:\xampp\htdocs\MyProject\wp-includes\class-wp-hook.php(332): WP_Hook->apply_filters(false, Array)
#15 C:\xampp\htdocs\MyProject\wp-includes\plugin.php(517): WP_Hook->do_action(Array)
#16 C:\xampp\htdocs\MyProject\wp-includes\template-loader.php(13): do_action('template_redire...')
#17 C:\xampp\htdocs\MyProject\wp-blog-header.php(19): require_once('C:\\xampp\\htdocs...')
#18 C:\xampp\htdocs\MyProject\index.php(17): require('C:\\xampp\\htdocs...')
#19 {main}
  thrown in C:\xampp\htdocs\MyProject\wp-content\plugins\vibe-course-module\includes\bp-course-actions.php on line 1431

2023-03-23T05:05:01+00:00 CRITICAL Uncaught TypeError: count(): Argument #1 ($value) must be of type Countable|array, string given in C:\xampp\htdocs\MyProject\wp-content\plugins\vibe-course-module\includes\bp-course-actions.php:1431
Stack trace:
#0 C:\xampp\htdocs\MyProject\wp-includes\class-wp-hook.php(310): BP_Course_Action->bp_course_enable_access(559)
#1 C:\xampp\htdocs\MyProject\wp-includes\class-wp-hook.php(332): WP_Hook->apply_filters(NULL, Array)
#2 C:\xampp\htdocs\MyProject\wp-includes\plugin.php(517): WP_Hook->do_action(Array)
#3 C:\xampp\htdocs\MyProject\wp-content\plugins\woocommerce\includes\class-wc-order.php(363): do_action('woocommerce_ord...', 559, Object(Automattic\WooCommerce\Admin\Overrides\Order))
#4 C:\xampp\htdocs\MyProject\wp-content\plugins\woocommerce\includes\class-wc-order.php(221): WC_Order->status_transition()
#5 C:\xampp\htdocs\MyProject\wp-content\plugins\woocommerce\includes\class-wc-order.php(119): WC_Order->save()
#6 C:\xampp\htdocs\MyProject\wp-content\plugins\woocommerce\includes\class-wc-checkout.php(961): WC_Order->payment_complete()
#7 C:\xampp\htdocs\MyProject\wp-content\plugins\woocommerce\includes\class-wc-checkout.php(1143): WC_Checkout->process_order_without_payment(559)
#8 C:\xampp\htdocs\MyProject\wp-content\plugins\woocommerce\includes\class-wc-ajax.php(464): WC_Checkout->process_checkout()
#9 C:\xampp\htdocs\MyProject\wp-includes\class-wp-hook.php(308): WC_AJAX::checkout('')
#10 C:\xampp\htdocs\MyProject\wp-includes\class-wp-hook.php(332): WP_Hook->apply_filters('', Array)
#11 C:\xampp\htdocs\MyProject\wp-includes\plugin.php(517): WP_Hook->do_action(Array)
#12 C:\xampp\htdocs\MyProject\wp-content\plugins\woocommerce\includes\class-wc-ajax.php(89): do_action('wc_ajax_checkou...')
#13 C:\xampp\htdocs\MyProject\wp-includes\class-wp-hook.php(308): WC_AJAX::do_wc_ajax('')
#14 C:\xampp\htdocs\MyProject\wp-includes\class-wp-hook.php(332): WP_Hook->apply_filters(false, Array)
#15 C:\xampp\htdocs\MyProject\wp-includes\plugin.php(517): WP_Hook->do_action(Array)
#16 C:\xampp\htdocs\MyProject\wp-includes\template-loader.php(13): do_action('template_redire...')
#17 C:\xampp\htdocs\MyProject\wp-blog-header.php(19): require_once('C:\\xampp\\htdocs...')
#18 C:\xampp\htdocs\MyProject\index.php(17): require('C:\\xampp\\htdocs...')
#19 {main}
  thrown in C:\xampp\htdocs\MyProject\wp-content\plugins\vibe-course-module\includes\bp-course-actions.php on line 1431

2023-03-23T05:05:08+00:00 CRITICAL Uncaught TypeError: count(): Argument #1 ($value) must be of type Countable|array, string given in C:\xampp\htdocs\MyProject\wp-content\plugins\vibe-course-module\includes\bp-course-actions.php:1431
Stack trace:
#0 C:\xampp\htdocs\MyProject\wp-includes\class-wp-hook.php(310): BP_Course_Action->bp_course_enable_access(560)
#1 C:\xampp\htdocs\MyProject\wp-includes\class-wp-hook.php(332): WP_Hook->apply_filters(NULL, Array)
#2 C:\xampp\htdocs\MyProject\wp-includes\plugin.php(517): WP_Hook->do_action(Array)
#3 C:\xampp\htdocs\MyProject\wp-content\plugins\woocommerce\includes\class-wc-order.php(363): do_action('woocommerce_ord...', 560, Object(Automattic\WooCommerce\Admin\Overrides\Order))
#4 C:\xampp\htdocs\MyProject\wp-content\plugins\woocommerce\includes\class-wc-order.php(221): WC_Order->status_transition()
#5 C:\xampp\htdocs\MyProject\wp-content\plugins\woocommerce\includes\class-wc-order.php(119): WC_Order->save()
#6 C:\xampp\htdocs\MyProject\wp-content\plugins\woocommerce\includes\class-wc-checkout.php(961): WC_Order->payment_complete()
#7 C:\xampp\htdocs\MyProject\wp-content\plugins\woocommerce\includes\class-wc-checkout.php(1143): WC_Checkout->process_order_without_payment(560)
#8 C:\xampp\htdocs\MyProject\wp-content\plugins\woocommerce\includes\class-wc-ajax.php(464): WC_Checkout->process_checkout()
#9 C:\xampp\htdocs\MyProject\wp-includes\class-wp-hook.php(308): WC_AJAX::checkout('')
#10 C:\xampp\htdocs\MyProject\wp-includes\class-wp-hook.php(332): WP_Hook->apply_filters('', Array)
#11 C:\xampp\htdocs\MyProject\wp-includes\plugin.php(517): WP_Hook->do_action(Array)
#12 C:\xampp\htdocs\MyProject\wp-content\plugins\woocommerce\includes\class-wc-ajax.php(89): do_action('wc_ajax_checkou...')
#13 C:\xampp\htdocs\MyProject\wp-includes\class-wp-hook.php(308): WC_AJAX::do_wc_ajax('')
#14 C:\xampp\htdocs\MyProject\wp-includes\class-wp-hook.php(332): WP_Hook->apply_filters(false, Array)
#15 C:\xampp\htdocs\MyProject\wp-includes\plugin.php(517): WP_Hook->do_action(Array)
#16 C:\xampp\htdocs\MyProject\wp-includes\template-loader.php(13): do_action('template_redire...')
#17 C:\xampp\htdocs\MyProject\wp-blog-header.php(19): require_once('C:\\xampp\\htdocs...')
#18 C:\xampp\htdocs\MyProject\index.php(17): require('C:\\xampp\\htdocs...')
#19 {main}
  thrown in C:\xampp\htdocs\MyProject\wp-content\plugins\vibe-course-module\includes\bp-course-actions.php on line 1431

2023-03-23T05:06:30+00:00 CRITICAL Uncaught TypeError: count(): Argument #1 ($value) must be of type Countable|array, string given in C:\xampp\htdocs\MyProject\wp-content\plugins\vibe-course-module\includes\bp-course-actions.php:1431
Stack trace:
#0 C:\xampp\htdocs\MyProject\wp-includes\class-wp-hook.php(310): BP_Course_Action->bp_course_enable_access(561)
#1 C:\xampp\htdocs\MyProject\wp-includes\class-wp-hook.php(332): WP_Hook->apply_filters(NULL, Array)
#2 C:\xampp\htdocs\MyProject\wp-includes\plugin.php(517): WP_Hook->do_action(Array)
#3 C:\xampp\htdocs\MyProject\wp-content\plugins\woocommerce\includes\class-wc-order.php(363): do_action('woocommerce_ord...', 561, Object(Automattic\WooCommerce\Admin\Overrides\Order))
#4 C:\xampp\htdocs\MyProject\wp-content\plugins\woocommerce\includes\class-wc-order.php(221): WC_Order->status_transition()
#5 C:\xampp\htdocs\MyProject\wp-content\plugins\woocommerce\includes\class-wc-order.php(119): WC_Order->save()
#6 C:\xampp\htdocs\MyProject\wp-content\plugins\woocommerce\includes\class-wc-checkout.php(961): WC_Order->payment_complete()
#7 C:\xampp\htdocs\MyProject\wp-content\plugins\woocommerce\includes\class-wc-checkout.php(1143): WC_Checkout->process_order_without_payment(561)
#8 C:\xampp\htdocs\MyProject\wp-content\plugins\woocommerce\includes\class-wc-ajax.php(464): WC_Checkout->process_checkout()
#9 C:\xampp\htdocs\MyProject\wp-includes\class-wp-hook.php(308): WC_AJAX::checkout('')
#10 C:\xampp\htdocs\MyProject\wp-includes\class-wp-hook.php(332): WP_Hook->apply_filters('', Array)
#11 C:\xampp\htdocs\MyProject\wp-includes\plugin.php(517): WP_Hook->do_action(Array)
#12 C:\xampp\htdocs\MyProject\wp-content\plugins\woocommerce\includes\class-wc-ajax.php(89): do_action('wc_ajax_checkou...')
#13 C:\xampp\htdocs\MyProject\wp-includes\class-wp-hook.php(308): WC_AJAX::do_wc_ajax('')
#14 C:\xampp\htdocs\MyProject\wp-includes\class-wp-hook.php(332): WP_Hook->apply_filters(false, Array)
#15 C:\xampp\htdocs\MyProject\wp-includes\plugin.php(517): WP_Hook->do_action(Array)
#16 C:\xampp\htdocs\MyProject\wp-includes\template-loader.php(13): do_action('template_redire...')
#17 C:\xampp\htdocs\MyProject\wp-blog-header.php(19): require_once('C:\\xampp\\htdocs...')
#18 C:\xampp\htdocs\MyProject\index.php(17): require('C:\\xampp\\htdocs...')
#19 {main}
  thrown in C:\xampp\htdocs\MyProject\wp-content\plugins\vibe-course-module\includes\bp-course-actions.php on line 1431

2023-03-23T05:23:59+00:00 CRITICAL Uncaught TypeError: count(): Argument #1 ($value) must be of type Countable|array, WP_Query given in C:\xampp\htdocs\MyProject\wp-content\themes\wplms-child\customPage3.php:69
Stack trace:
#0 C:\xampp\htdocs\MyProject\wp-includes\template-loader.php(106): include()
#1 C:\xampp\htdocs\MyProject\wp-blog-header.php(19): require_once('C:\\xampp\\htdocs...')
#2 C:\xampp\htdocs\MyProject\index.php(17): require('C:\\xampp\\htdocs...')
#3 {main}
  thrown in C:\xampp\htdocs\MyProject\wp-content\themes\wplms-child\customPage3.php on line 69

2023-03-23T05:24:19+00:00 CRITICAL Uncaught TypeError: count(): Argument #1 ($value) must be of type Countable|array, WP_Query given in C:\xampp\htdocs\MyProject\wp-content\themes\wplms-child\customPage3.php:69
Stack trace:
#0 C:\xampp\htdocs\MyProject\wp-includes\template-loader.php(106): include()
#1 C:\xampp\htdocs\MyProject\wp-blog-header.php(19): require_once('C:\\xampp\\htdocs...')
#2 C:\xampp\htdocs\MyProject\index.php(17): require('C:\\xampp\\htdocs...')
#3 {main}
  thrown in C:\xampp\htdocs\MyProject\wp-content\themes\wplms-child\customPage3.php on line 69

2023-03-23T05:24:23+00:00 CRITICAL Uncaught TypeError: count(): Argument #1 ($value) must be of type Countable|array, WP_Query given in C:\xampp\htdocs\MyProject\wp-content\themes\wplms-child\customPage3.php:69
Stack trace:
#0 C:\xampp\htdocs\MyProject\wp-includes\template-loader.php(106): include()
#1 C:\xampp\htdocs\MyProject\wp-blog-header.php(19): require_once('C:\\xampp\\htdocs...')
#2 C:\xampp\htdocs\MyProject\index.php(17): require('C:\\xampp\\htdocs...')
#3 {main}
  thrown in C:\xampp\htdocs\MyProject\wp-content\themes\wplms-child\customPage3.php on line 69

2023-03-23T05:27:13+00:00 CRITICAL Uncaught TypeError: count(): Argument #1 ($value) must be of type Countable|array, WP_Query given in C:\xampp\htdocs\MyProject\wp-content\themes\wplms-child\customPage3.php:75
Stack trace:
#0 C:\xampp\htdocs\MyProject\wp-includes\template-loader.php(106): include()
#1 C:\xampp\htdocs\MyProject\wp-blog-header.php(19): require_once('C:\\xampp\\htdocs...')
#2 C:\xampp\htdocs\MyProject\index.php(17): require('C:\\xampp\\htdocs...')
#3 {main}
  thrown in C:\xampp\htdocs\MyProject\wp-content\themes\wplms-child\customPage3.php on line 75

2023-03-23T05:40:36+00:00 CRITICAL Uncaught TypeError: count(): Argument #1 ($value) must be of type Countable|array, WP_Query given in C:\xampp\htdocs\MyProject\wp-content\themes\wplms-child\customPage3.php:73
Stack trace:
#0 C:\xampp\htdocs\MyProject\wp-includes\template-loader.php(106): include()
#1 C:\xampp\htdocs\MyProject\wp-blog-header.php(19): require_once('C:\\xampp\\htdocs...')
#2 C:\xampp\htdocs\MyProject\index.php(17): require('C:\\xampp\\htdocs...')
#3 {main}
  thrown in C:\xampp\htdocs\MyProject\wp-content\themes\wplms-child\customPage3.php on line 73

2023-03-23T05:40:57+00:00 CRITICAL Uncaught TypeError: count(): Argument #1 ($value) must be of type Countable|array, WP_Query given in C:\xampp\htdocs\MyProject\wp-content\themes\wplms-child\customPage3.php:73
Stack trace:
#0 C:\xampp\htdocs\MyProject\wp-includes\template-loader.php(106): include()
#1 C:\xampp\htdocs\MyProject\wp-blog-header.php(19): require_once('C:\\xampp\\htdocs...')
#2 C:\xampp\htdocs\MyProject\index.php(17): require('C:\\xampp\\htdocs...')
#3 {main}
  thrown in C:\xampp\htdocs\MyProject\wp-content\themes\wplms-child\customPage3.php on line 73

2023-03-23T06:30:29+00:00 CRITICAL Uncaught Error: Call to a member function rewind_posts() on null in C:\xampp\htdocs\MyProject\wp-content\themes\wplms-child\customPage3.php:42
Stack trace:
#0 C:\xampp\htdocs\MyProject\wp-includes\template-loader.php(106): include()
#1 C:\xampp\htdocs\MyProject\wp-blog-header.php(19): require_once('C:\\xampp\\htdocs...')
#2 C:\xampp\htdocs\MyProject\index.php(17): require('C:\\xampp\\htdocs...')
#3 {main}
  thrown in C:\xampp\htdocs\MyProject\wp-content\themes\wplms-child\customPage3.php on line 42

2023-03-23T06:31:18+00:00 CRITICAL Uncaught Error: Call to a member function rewind_posts() on array in C:\xampp\htdocs\MyProject\wp-content\themes\wplms-child\customPage3.php:43
Stack trace:
#0 C:\xampp\htdocs\MyProject\wp-includes\template-loader.php(106): include()
#1 C:\xampp\htdocs\MyProject\wp-blog-header.php(19): require_once('C:\\xampp\\htdocs...')
#2 C:\xampp\htdocs\MyProject\index.php(17): require('C:\\xampp\\htdocs...')
#3 {main}
  thrown in C:\xampp\htdocs\MyProject\wp-content\themes\wplms-child\customPage3.php on line 43

2023-03-23T08:48:04+00:00 CRITICAL Uncaught TypeError: array_merge(): Argument #2 must be of type array, null given in C:\xampp\htdocs\MyProject\wp-content\themes\wplms-child\classes\OrderCertificate.php:61
Stack trace:
#0 C:\xampp\htdocs\MyProject\wp-content\themes\wplms-child\classes\OrderCertificate.php(61): array_merge(Array, NULL)
#1 C:\xampp\htdocs\MyProject\wp-content\themes\wplms-child\customPage3.php(16): OrderCertificate->getCourses()
#2 C:\xampp\htdocs\MyProject\wp-includes\template-loader.php(106): include('C:\\xampp\\htdocs...')
#3 C:\xampp\htdocs\MyProject\wp-blog-header.php(19): require_once('C:\\xampp\\htdocs...')
#4 C:\xampp\htdocs\MyProject\index.php(17): require('C:\\xampp\\htdocs...')
#5 {main}
  thrown in C:\xampp\htdocs\MyProject\wp-content\themes\wplms-child\classes\OrderCertificate.php on line 61

2023-03-23T08:48:20+00:00 CRITICAL Uncaught TypeError: array_merge(): Argument #2 must be of type array, null given in C:\xampp\htdocs\MyProject\wp-content\themes\wplms-child\classes\OrderCertificate.php:61
Stack trace:
#0 C:\xampp\htdocs\MyProject\wp-content\themes\wplms-child\classes\OrderCertificate.php(61): array_merge(Array, NULL)
#1 C:\xampp\htdocs\MyProject\wp-content\themes\wplms-child\customPage3.php(16): OrderCertificate->getCourses()
#2 C:\xampp\htdocs\MyProject\wp-includes\template-loader.php(106): include('C:\\xampp\\htdocs...')
#3 C:\xampp\htdocs\MyProject\wp-blog-header.php(19): require_once('C:\\xampp\\htdocs...')
#4 C:\xampp\htdocs\MyProject\index.php(17): require('C:\\xampp\\htdocs...')
#5 {main}
  thrown in C:\xampp\htdocs\MyProject\wp-content\themes\wplms-child\classes\OrderCertificate.php on line 61

