2023-03-20T05:32:58+00:00 CRITICAL Uncaught DivisionByZeroError: Division by zero in C:\xampp\htdocs\MyProject\wp-content\themes\wplms-child\customPage1.php:26
Stack trace:
#0 C:\xampp\htdocs\MyProject\wp-includes\template-loader.php(106): include()
#1 C:\xampp\htdocs\MyProject\wp-blog-header.php(19): require_once('C:\\xampp\\htdocs...')
#2 C:\xampp\htdocs\MyProject\index.php(17): require('C:\\xampp\\htdocs...')
#3 {main}
  thrown in C:\xampp\htdocs\MyProject\wp-content\themes\wplms-child\customPage1.php on line 26

2023-03-20T05:34:17+00:00 CRITICAL Uncaught DivisionByZeroError: Division by zero in C:\xampp\htdocs\MyProject\wp-content\themes\wplms-child\customPage1.php:26
Stack trace:
#0 C:\xampp\htdocs\MyProject\wp-includes\template-loader.php(106): include()
#1 C:\xampp\htdocs\MyProject\wp-blog-header.php(19): require_once('C:\\xampp\\htdocs...')
#2 C:\xampp\htdocs\MyProject\index.php(17): require('C:\\xampp\\htdocs...')
#3 {main}
  thrown in C:\xampp\htdocs\MyProject\wp-content\themes\wplms-child\customPage1.php on line 26

2023-03-20T05:36:35+00:00 CRITICAL Uncaught DivisionByZeroError: Division by zero in C:\xampp\htdocs\MyProject\wp-content\themes\wplms-child\customPage1.php:26
Stack trace:
#0 C:\xampp\htdocs\MyProject\wp-includes\template-loader.php(106): include()
#1 C:\xampp\htdocs\MyProject\wp-blog-header.php(19): require_once('C:\\xampp\\htdocs...')
#2 C:\xampp\htdocs\MyProject\index.php(17): require('C:\\xampp\\htdocs...')
#3 {main}
  thrown in C:\xampp\htdocs\MyProject\wp-content\themes\wplms-child\customPage1.php on line 26

2023-03-20T05:37:21+00:00 CRITICAL Uncaught DivisionByZeroError: Division by zero in C:\xampp\htdocs\MyProject\wp-content\themes\wplms-child\customPage1.php:26
Stack trace:
#0 C:\xampp\htdocs\MyProject\wp-includes\template-loader.php(106): include()
#1 C:\xampp\htdocs\MyProject\wp-blog-header.php(19): require_once('C:\\xampp\\htdocs...')
#2 C:\xampp\htdocs\MyProject\index.php(17): require('C:\\xampp\\htdocs...')
#3 {main}
  thrown in C:\xampp\htdocs\MyProject\wp-content\themes\wplms-child\customPage1.php on line 26

2023-03-20T05:42:58+00:00 CRITICAL Uncaught DivisionByZeroError: Division by zero in C:\xampp\htdocs\MyProject\wp-content\themes\wplms-child\customPage1.php:26
Stack trace:
#0 C:\xampp\htdocs\MyProject\wp-includes\template-loader.php(106): include()
#1 C:\xampp\htdocs\MyProject\wp-blog-header.php(19): require_once('C:\\xampp\\htdocs...')
#2 C:\xampp\htdocs\MyProject\index.php(17): require('C:\\xampp\\htdocs...')
#3 {main}
  thrown in C:\xampp\htdocs\MyProject\wp-content\themes\wplms-child\customPage1.php on line 26

