2023-03-14T09:14:59+00:00 CRITICAL Uncaught TypeError: count(): Argument #1 ($value) must be of type Countable|array, string given in C:\xampp\htdocs\MyProject\wp-content\plugins\vibe-course-module\includes\bp-course-actions.php:1431
Stack trace:
#0 C:\xampp\htdocs\MyProject\wp-includes\class-wp-hook.php(310): BP_Course_Action->bp_course_enable_access(540)
#1 C:\xampp\htdocs\MyProject\wp-includes\class-wp-hook.php(332): WP_Hook->apply_filters(NULL, Array)
#2 C:\xampp\htdocs\MyProject\wp-includes\plugin.php(517): WP_Hook->do_action(Array)
#3 C:\xampp\htdocs\MyProject\wp-content\plugins\woocommerce\includes\class-wc-order.php(363): do_action('woocommerce_ord...', 540, Object(Automattic\WooCommerce\Admin\Overrides\Order))
#4 C:\xampp\htdocs\MyProject\wp-content\plugins\woocommerce\includes\class-wc-order.php(221): WC_Order->status_transition()
#5 C:\xampp\htdocs\MyProject\wp-content\plugins\woocommerce\includes\class-wc-order.php(119): WC_Order->save()
#6 C:\xampp\htdocs\MyProject\wp-content\plugins\woocommerce\includes\class-wc-checkout.php(961): WC_Order->payment_complete()
#7 C:\xampp\htdocs\MyProject\wp-content\plugins\woocommerce\includes\class-wc-checkout.php(1143): WC_Checkout->process_order_without_payment(540)
#8 C:\xampp\htdocs\MyProject\wp-content\plugins\woocommerce\includes\class-wc-ajax.php(464): WC_Checkout->process_checkout()
#9 C:\xampp\htdocs\MyProject\wp-includes\class-wp-hook.php(308): WC_AJAX::checkout('')
#10 C:\xampp\htdocs\MyProject\wp-includes\class-wp-hook.php(332): WP_Hook->apply_filters('', Array)
#11 C:\xampp\htdocs\MyProject\wp-includes\plugin.php(517): WP_Hook->do_action(Array)
#12 C:\xampp\htdocs\MyProject\wp-content\plugins\woocommerce\includes\class-wc-ajax.php(89): do_action('wc_ajax_checkou...')
#13 C:\xampp\htdocs\MyProject\wp-includes\class-wp-hook.php(308): WC_AJAX::do_wc_ajax('')
#14 C:\xampp\htdocs\MyProject\wp-includes\class-wp-hook.php(332): WP_Hook->apply_filters(false, Array)
#15 C:\xampp\htdocs\MyProject\wp-includes\plugin.php(517): WP_Hook->do_action(Array)
#16 C:\xampp\htdocs\MyProject\wp-includes\template-loader.php(13): do_action('template_redire...')
#17 C:\xampp\htdocs\MyProject\wp-blog-header.php(19): require_once('C:\\xampp\\htdocs...')
#18 C:\xampp\htdocs\MyProject\index.php(17): require('C:\\xampp\\htdocs...')
#19 {main}
  thrown in C:\xampp\htdocs\MyProject\wp-content\plugins\vibe-course-module\includes\bp-course-actions.php on line 1431

2023-03-14T13:50:01+00:00 CRITICAL Uncaught Error: Call to undefined function wplms_generate_course_certificate() in C:\xampp\htdocs\MyProject\wp-content\themes\wplms-child\customPage2.php:82
Stack trace:
#0 C:\xampp\htdocs\MyProject\wp-includes\template-loader.php(106): include()
#1 C:\xampp\htdocs\MyProject\wp-blog-header.php(19): require_once('C:\\xampp\\htdocs...')
#2 C:\xampp\htdocs\MyProject\index.php(17): require('C:\\xampp\\htdocs...')
#3 {main}
  thrown in C:\xampp\htdocs\MyProject\wp-content\themes\wplms-child\customPage2.php on line 82

2023-03-14T13:50:24+00:00 CRITICAL Uncaught Error: Call to undefined function wplms_generate_course_certificate() in C:\xampp\htdocs\MyProject\wp-content\themes\wplms-child\customPage2.php:82
Stack trace:
#0 C:\xampp\htdocs\MyProject\wp-includes\template-loader.php(106): include()
#1 C:\xampp\htdocs\MyProject\wp-blog-header.php(19): require_once('C:\\xampp\\htdocs...')
#2 C:\xampp\htdocs\MyProject\index.php(17): require('C:\\xampp\\htdocs...')
#3 {main}
  thrown in C:\xampp\htdocs\MyProject\wp-content\themes\wplms-child\customPage2.php on line 82

2023-03-14T14:38:34+00:00 CRITICAL syntax error, unexpected token ";", expecting "function" or "const" in C:\xampp\htdocs\MyProject\wp-content\themes\wplms-child\classes\OrderCertificate.php on line 150

2023-03-14T14:42:56+00:00 CRITICAL syntax error, unexpected token ";", expecting ")" in C:\xampp\htdocs\MyProject\wp-content\themes\wplms-child\classes\OrderCertificate.php on line 142

2023-03-14T14:50:42+00:00 CRITICAL Uncaught Error: Call to a member function count() on array in C:\xampp\htdocs\MyProject\wp-content\themes\wplms-child\classes\OrderCertificate.php:145
Stack trace:
#0 C:\xampp\htdocs\MyProject\wp-content\themes\wplms-child\customPage1.php(9): OrderCertificate->courseCount()
#1 C:\xampp\htdocs\MyProject\wp-includes\template-loader.php(106): include('C:\\xampp\\htdocs...')
#2 C:\xampp\htdocs\MyProject\wp-blog-header.php(19): require_once('C:\\xampp\\htdocs...')
#3 C:\xampp\htdocs\MyProject\index.php(17): require('C:\\xampp\\htdocs...')
#4 {main}
  thrown in C:\xampp\htdocs\MyProject\wp-content\themes\wplms-child\classes\OrderCertificate.php on line 145

2023-03-14T14:56:59+00:00 CRITICAL Uncaught TypeError: count(): Argument #1 ($value) must be of type Countable|array, null given in C:\xampp\htdocs\MyProject\wp-content\themes\wplms-child\classes\OrderCertificate.php:158
Stack trace:
#0 C:\xampp\htdocs\MyProject\wp-content\themes\wplms-child\customPage1.php(9): OrderCertificate->courseCount()
#1 C:\xampp\htdocs\MyProject\wp-includes\template-loader.php(106): include('C:\\xampp\\htdocs...')
#2 C:\xampp\htdocs\MyProject\wp-blog-header.php(19): require_once('C:\\xampp\\htdocs...')
#3 C:\xampp\htdocs\MyProject\index.php(17): require('C:\\xampp\\htdocs...')
#4 {main}
  thrown in C:\xampp\htdocs\MyProject\wp-content\themes\wplms-child\classes\OrderCertificate.php on line 158

2023-03-14T14:57:14+00:00 CRITICAL Uncaught TypeError: count(): Argument #1 ($value) must be of type Countable|array, null given in C:\xampp\htdocs\MyProject\wp-content\themes\wplms-child\classes\OrderCertificate.php:158
Stack trace:
#0 C:\xampp\htdocs\MyProject\wp-content\themes\wplms-child\customPage1.php(9): OrderCertificate->courseCount()
#1 C:\xampp\htdocs\MyProject\wp-includes\template-loader.php(106): include('C:\\xampp\\htdocs...')
#2 C:\xampp\htdocs\MyProject\wp-blog-header.php(19): require_once('C:\\xampp\\htdocs...')
#3 C:\xampp\htdocs\MyProject\index.php(17): require('C:\\xampp\\htdocs...')
#4 {main}
  thrown in C:\xampp\htdocs\MyProject\wp-content\themes\wplms-child\classes\OrderCertificate.php on line 158

2023-03-14T14:58:58+00:00 CRITICAL Uncaught TypeError: count(): Argument #1 ($value) must be of type Countable|array, null given in C:\xampp\htdocs\MyProject\wp-content\themes\wplms-child\classes\OrderCertificate.php:154
Stack trace:
#0 C:\xampp\htdocs\MyProject\wp-content\themes\wplms-child\customPage1.php(9): OrderCertificate->courseCount()
#1 C:\xampp\htdocs\MyProject\wp-includes\template-loader.php(106): include('C:\\xampp\\htdocs...')
#2 C:\xampp\htdocs\MyProject\wp-blog-header.php(19): require_once('C:\\xampp\\htdocs...')
#3 C:\xampp\htdocs\MyProject\index.php(17): require('C:\\xampp\\htdocs...')
#4 {main}
  thrown in C:\xampp\htdocs\MyProject\wp-content\themes\wplms-child\classes\OrderCertificate.php on line 154

2023-03-14T15:02:54+00:00 CRITICAL Uncaught TypeError: count(): Argument #1 ($value) must be of type Countable|array, string given in C:\xampp\htdocs\MyProject\wp-content\themes\wplms-child\classes\OrderCertificate.php:157
Stack trace:
#0 C:\xampp\htdocs\MyProject\wp-content\themes\wplms-child\customPage1.php(9): OrderCertificate->courseCount()
#1 C:\xampp\htdocs\MyProject\wp-includes\template-loader.php(106): include('C:\\xampp\\htdocs...')
#2 C:\xampp\htdocs\MyProject\wp-blog-header.php(19): require_once('C:\\xampp\\htdocs...')
#3 C:\xampp\htdocs\MyProject\index.php(17): require('C:\\xampp\\htdocs...')
#4 {main}
  thrown in C:\xampp\htdocs\MyProject\wp-content\themes\wplms-child\classes\OrderCertificate.php on line 157

2023-03-14T15:26:45+00:00 CRITICAL Uncaught TypeError: count(): Argument #1 ($value) must be of type Countable|array, int given in C:\xampp\htdocs\MyProject\wp-content\themes\wplms-child\classes\OrderCertificate.php:155
Stack trace:
#0 C:\xampp\htdocs\MyProject\wp-content\themes\wplms-child\customPage1.php(9): OrderCertificate->courseCount()
#1 C:\xampp\htdocs\MyProject\wp-includes\template-loader.php(106): include('C:\\xampp\\htdocs...')
#2 C:\xampp\htdocs\MyProject\wp-blog-header.php(19): require_once('C:\\xampp\\htdocs...')
#3 C:\xampp\htdocs\MyProject\index.php(17): require('C:\\xampp\\htdocs...')
#4 {main}
  thrown in C:\xampp\htdocs\MyProject\wp-content\themes\wplms-child\classes\OrderCertificate.php on line 155

