2023-03-16T10:14:40+00:00 CRITICAL Uncaught TypeError: count(): Argument #1 ($value) must be of type Countable|array, null given in C:\xampp\htdocs\MyProject\wp-content\themes\wplms-child\customPage2.php:31
Stack trace:
#0 C:\xampp\htdocs\MyProject\wp-includes\template-loader.php(106): include()
#1 C:\xampp\htdocs\MyProject\wp-blog-header.php(19): require_once('C:\\xampp\\htdocs...')
#2 C:\xampp\htdocs\MyProject\index.php(17): require('C:\\xampp\\htdocs...')
#3 {main}
  thrown in C:\xampp\htdocs\MyProject\wp-content\themes\wplms-child\customPage2.php on line 31

2023-03-16T10:19:48+00:00 CRITICAL Uncaught TypeError: count(): Argument #1 ($value) must be of type Countable|array, null given in C:\xampp\htdocs\MyProject\wp-content\themes\wplms-child\customPage2.php:31
Stack trace:
#0 C:\xampp\htdocs\MyProject\wp-includes\template-loader.php(106): include()
#1 C:\xampp\htdocs\MyProject\wp-blog-header.php(19): require_once('C:\\xampp\\htdocs...')
#2 C:\xampp\htdocs\MyProject\index.php(17): require('C:\\xampp\\htdocs...')
#3 {main}
  thrown in C:\xampp\htdocs\MyProject\wp-content\themes\wplms-child\customPage2.php on line 31

2023-03-16T10:27:18+00:00 CRITICAL Uncaught TypeError: count(): Argument #1 ($value) must be of type Countable|array, null given in C:\xampp\htdocs\MyProject\wp-content\themes\wplms-child\customPage2.php:31
Stack trace:
#0 C:\xampp\htdocs\MyProject\wp-includes\template-loader.php(106): include()
#1 C:\xampp\htdocs\MyProject\wp-blog-header.php(19): require_once('C:\\xampp\\htdocs...')
#2 C:\xampp\htdocs\MyProject\index.php(17): require('C:\\xampp\\htdocs...')
#3 {main}
  thrown in C:\xampp\htdocs\MyProject\wp-content\themes\wplms-child\customPage2.php on line 31

2023-03-16T10:27:53+00:00 CRITICAL Uncaught TypeError: count(): Argument #1 ($value) must be of type Countable|array, null given in C:\xampp\htdocs\MyProject\wp-content\themes\wplms-child\customPage2.php:31
Stack trace:
#0 C:\xampp\htdocs\MyProject\wp-includes\template-loader.php(106): include()
#1 C:\xampp\htdocs\MyProject\wp-blog-header.php(19): require_once('C:\\xampp\\htdocs...')
#2 C:\xampp\htdocs\MyProject\index.php(17): require('C:\\xampp\\htdocs...')
#3 {main}
  thrown in C:\xampp\htdocs\MyProject\wp-content\themes\wplms-child\customPage2.php on line 31

2023-03-16T10:28:52+00:00 CRITICAL Uncaught TypeError: count(): Argument #1 ($value) must be of type Countable|array, null given in C:\xampp\htdocs\MyProject\wp-content\themes\wplms-child\customPage2.php:31
Stack trace:
#0 C:\xampp\htdocs\MyProject\wp-includes\template-loader.php(106): include()
#1 C:\xampp\htdocs\MyProject\wp-blog-header.php(19): require_once('C:\\xampp\\htdocs...')
#2 C:\xampp\htdocs\MyProject\index.php(17): require('C:\\xampp\\htdocs...')
#3 {main}
  thrown in C:\xampp\htdocs\MyProject\wp-content\themes\wplms-child\customPage2.php on line 31

2023-03-16T10:30:52+00:00 CRITICAL Uncaught TypeError: count(): Argument #1 ($value) must be of type Countable|array, null given in C:\xampp\htdocs\MyProject\wp-content\themes\wplms-child\customPage2.php:31
Stack trace:
#0 C:\xampp\htdocs\MyProject\wp-includes\template-loader.php(106): include()
#1 C:\xampp\htdocs\MyProject\wp-blog-header.php(19): require_once('C:\\xampp\\htdocs...')
#2 C:\xampp\htdocs\MyProject\index.php(17): require('C:\\xampp\\htdocs...')
#3 {main}
  thrown in C:\xampp\htdocs\MyProject\wp-content\themes\wplms-child\customPage2.php on line 31

2023-03-16T10:32:50+00:00 CRITICAL Cannot use [] for reading in C:\xampp\htdocs\MyProject\wp-content\themes\wplms-child\customPage2.php on line 80

2023-03-16T10:35:27+00:00 CRITICAL Uncaught TypeError: count(): Argument #1 ($value) must be of type Countable|array, null given in C:\xampp\htdocs\MyProject\wp-content\themes\wplms-child\customPage2.php:31
Stack trace:
#0 C:\xampp\htdocs\MyProject\wp-includes\template-loader.php(106): include()
#1 C:\xampp\htdocs\MyProject\wp-blog-header.php(19): require_once('C:\\xampp\\htdocs...')
#2 C:\xampp\htdocs\MyProject\index.php(17): require('C:\\xampp\\htdocs...')
#3 {main}
  thrown in C:\xampp\htdocs\MyProject\wp-content\themes\wplms-child\customPage2.php on line 31

2023-03-16T10:35:48+00:00 CRITICAL Uncaught TypeError: count(): Argument #1 ($value) must be of type Countable|array, null given in C:\xampp\htdocs\MyProject\wp-content\themes\wplms-child\customPage2.php:31
Stack trace:
#0 C:\xampp\htdocs\MyProject\wp-includes\template-loader.php(106): include()
#1 C:\xampp\htdocs\MyProject\wp-blog-header.php(19): require_once('C:\\xampp\\htdocs...')
#2 C:\xampp\htdocs\MyProject\index.php(17): require('C:\\xampp\\htdocs...')
#3 {main}
  thrown in C:\xampp\htdocs\MyProject\wp-content\themes\wplms-child\customPage2.php on line 31

2023-03-16T10:38:19+00:00 CRITICAL Uncaught TypeError: count(): Argument #1 ($value) must be of type Countable|array, null given in C:\xampp\htdocs\MyProject\wp-content\themes\wplms-child\customPage2.php:31
Stack trace:
#0 C:\xampp\htdocs\MyProject\wp-includes\template-loader.php(106): include()
#1 C:\xampp\htdocs\MyProject\wp-blog-header.php(19): require_once('C:\\xampp\\htdocs...')
#2 C:\xampp\htdocs\MyProject\index.php(17): require('C:\\xampp\\htdocs...')
#3 {main}
  thrown in C:\xampp\htdocs\MyProject\wp-content\themes\wplms-child\customPage2.php on line 31

